{"C:\\varshini\\TruckFleetManagement\\TFM_Backend\\controllers\\driveSessionController.js": {"path":"C:\\varshini\\TruckFleetManagement\\TFM_Backend\\controllers\\driveSessionController.js","statementMap":{"0":{"start":{"line":1,"column":21},"end":{"line":1,"column":54}},"1":{"start":{"line":2,"column":16},"end":{"line":2,"column":44}},"2":{"start":{"line":3,"column":13},"end":{"line":3,"column":38}},"3":{"start":{"line":4,"column":25},"end":{"line":4,"column":58}},"4":{"start":{"line":5,"column":18},"end":{"line":5,"column":44}},"5":{"start":{"line":7,"column":20},"end":{"line":7,"column":52}},"6":{"start":{"line":8,"column":19},"end":{"line":8,"column":49}},"7":{"start":{"line":16,"column":2},"end":{"line":16,"column":57}},"8":{"start":{"line":20,"column":2},"end":{"line":20,"column":57}},"9":{"start":{"line":144,"column":0},"end":{"line":261,"column":2}},"10":{"start":{"line":145,"column":2},"end":{"line":260,"column":3}},"11":{"start":{"line":146,"column":27},"end":{"line":146,"column":37}},"12":{"start":{"line":147,"column":26},"end":{"line":147,"column":34}},"13":{"start":{"line":149,"column":20},"end":{"line":149,"column":59}},"14":{"start":{"line":150,"column":4},"end":{"line":150,"column":73}},"15":{"start":{"line":150,"column":18},"end":{"line":150,"column":73}},"16":{"start":{"line":151,"column":4},"end":{"line":151,"column":79}},"17":{"start":{"line":151,"column":26},"end":{"line":151,"column":79}},"18":{"start":{"line":153,"column":16},"end":{"line":153,"column":26}},"19":{"start":{"line":154,"column":4},"end":{"line":154,"column":27}},"20":{"start":{"line":157,"column":21},"end":{"line":157,"column":63}},"21":{"start":{"line":159,"column":4},"end":{"line":159,"column":57}},"22":{"start":{"line":161,"column":17},"end":{"line":161,"column":53}},"23":{"start":{"line":162,"column":18},"end":{"line":162,"column":53}},"24":{"start":{"line":164,"column":20},"end":{"line":164,"column":45}},"25":{"start":{"line":165,"column":21},"end":{"line":165,"column":43}},"26":{"start":{"line":167,"column":24},"end":{"line":170,"column":34}},"27":{"start":{"line":172,"column":4},"end":{"line":174,"column":5}},"28":{"start":{"line":173,"column":6},"end":{"line":173,"column":48}},"29":{"start":{"line":176,"column":22},"end":{"line":179,"column":29}},"30":{"start":{"line":181,"column":4},"end":{"line":183,"column":5}},"31":{"start":{"line":182,"column":6},"end":{"line":182,"column":39}},"32":{"start":{"line":185,"column":31},"end":{"line":188,"column":6}},"33":{"start":{"line":190,"column":27},"end":{"line":193,"column":5}},"34":{"start":{"line":191,"column":18},"end":{"line":191,"column":43}},"35":{"start":{"line":195,"column":4},"end":{"line":195,"column":33}},"36":{"start":{"line":197,"column":20},"end":{"line":197,"column":42}},"37":{"start":{"line":198,"column":4},"end":{"line":198,"column":37}},"38":{"start":{"line":198,"column":23},"end":{"line":198,"column":37}},"39":{"start":{"line":200,"column":21},"end":{"line":200,"column":40}},"40":{"start":{"line":201,"column":4},"end":{"line":201,"column":39}},"41":{"start":{"line":201,"column":24},"end":{"line":201,"column":39}},"42":{"start":{"line":203,"column":26},"end":{"line":206,"column":6}},"43":{"start":{"line":207,"column":22},"end":{"line":207,"column":71}},"44":{"start":{"line":209,"column":4},"end":{"line":211,"column":5}},"45":{"start":{"line":210,"column":6},"end":{"line":210,"column":58}},"46":{"start":{"line":213,"column":4},"end":{"line":213,"column":53}},"47":{"start":{"line":214,"column":4},"end":{"line":214,"column":55}},"48":{"start":{"line":215,"column":4},"end":{"line":215,"column":34}},"49":{"start":{"line":216,"column":4},"end":{"line":216,"column":25}},"50":{"start":{"line":218,"column":17},"end":{"line":222,"column":6}},"51":{"start":{"line":224,"column":4},"end":{"line":224,"column":22}},"52":{"start":{"line":232,"column":4},"end":{"line":237,"column":6}},"53":{"start":{"line":239,"column":23},"end":{"line":239,"column":69}},"54":{"start":{"line":240,"column":4},"end":{"line":245,"column":6}},"55":{"start":{"line":247,"column":4},"end":{"line":257,"column":7}},"56":{"start":{"line":259,"column":4},"end":{"line":259,"column":63}},"57":{"start":{"line":266,"column":0},"end":{"line":281,"column":2}},"58":{"start":{"line":267,"column":21},"end":{"line":267,"column":31}},"59":{"start":{"line":269,"column":15},"end":{"line":269,"column":42}},"60":{"start":{"line":270,"column":2},"end":{"line":270,"column":59}},"61":{"start":{"line":270,"column":13},"end":{"line":270,"column":59}},"62":{"start":{"line":272,"column":2},"end":{"line":277,"column":3}},"63":{"start":{"line":276,"column":4},"end":{"line":276,"column":49}},"64":{"start":{"line":279,"column":19},"end":{"line":279,"column":63}},"65":{"start":{"line":280,"column":2},"end":{"line":280,"column":21}}},"fnMap":{"0":{"name":"getMinutesBetween","decl":{"start":{"line":15,"column":9},"end":{"line":15,"column":26}},"loc":{"start":{"line":15,"column":39},"end":{"line":17,"column":1}},"line":15},"1":{"name":"sendViolationNotification","decl":{"start":{"line":19,"column":15},"end":{"line":19,"column":40}},"loc":{"start":{"line":19,"column":58},"end":{"line":25,"column":1}},"line":19},"2":{"name":"(anonymous_2)","decl":{"start":{"line":144,"column":38},"end":{"line":144,"column":39}},"loc":{"start":{"line":144,"column":58},"end":{"line":261,"column":1}},"line":144},"3":{"name":"(anonymous_3)","decl":{"start":{"line":191,"column":6},"end":{"line":191,"column":7}},"loc":{"start":{"line":191,"column":18},"end":{"line":191,"column":43}},"line":191},"4":{"name":"(anonymous_4)","decl":{"start":{"line":266,"column":28},"end":{"line":266,"column":29}},"loc":{"start":{"line":266,"column":48},"end":{"line":281,"column":1}},"line":266}},"branchMap":{"0":{"loc":{"start":{"line":150,"column":4},"end":{"line":150,"column":73}},"type":"if","locations":[{"start":{"line":150,"column":4},"end":{"line":150,"column":73}},{"start":{},"end":{}}],"line":150},"1":{"loc":{"start":{"line":151,"column":4},"end":{"line":151,"column":79}},"type":"if","locations":[{"start":{"line":151,"column":4},"end":{"line":151,"column":79}},{"start":{},"end":{}}],"line":151},"2":{"loc":{"start":{"line":164,"column":20},"end":{"line":164,"column":45}},"type":"binary-expr","locations":[{"start":{"line":164,"column":20},"end":{"line":164,"column":40}},{"start":{"line":164,"column":44},"end":{"line":164,"column":45}}],"line":164},"3":{"loc":{"start":{"line":165,"column":21},"end":{"line":165,"column":43}},"type":"binary-expr","locations":[{"start":{"line":165,"column":21},"end":{"line":165,"column":36}},{"start":{"line":165,"column":40},"end":{"line":165,"column":43}}],"line":165},"4":{"loc":{"start":{"line":172,"column":4},"end":{"line":174,"column":5}},"type":"if","locations":[{"start":{"line":172,"column":4},"end":{"line":174,"column":5}},{"start":{},"end":{}}],"line":172},"5":{"loc":{"start":{"line":172,"column":8},"end":{"line":172,"column":71}},"type":"binary-expr","locations":[{"start":{"line":172,"column":8},"end":{"line":172,"column":19}},{"start":{"line":172,"column":23},"end":{"line":172,"column":71}}],"line":172},"6":{"loc":{"start":{"line":181,"column":4},"end":{"line":183,"column":5}},"type":"if","locations":[{"start":{"line":181,"column":4},"end":{"line":183,"column":5}},{"start":{},"end":{}}],"line":181},"7":{"loc":{"start":{"line":181,"column":8},"end":{"line":181,"column":60}},"type":"binary-expr","locations":[{"start":{"line":181,"column":8},"end":{"line":181,"column":17}},{"start":{"line":181,"column":21},"end":{"line":181,"column":60}}],"line":181},"8":{"loc":{"start":{"line":191,"column":25},"end":{"line":191,"column":42}},"type":"binary-expr","locations":[{"start":{"line":191,"column":25},"end":{"line":191,"column":37}},{"start":{"line":191,"column":41},"end":{"line":191,"column":42}}],"line":191},"9":{"loc":{"start":{"line":198,"column":4},"end":{"line":198,"column":37}},"type":"if","locations":[{"start":{"line":198,"column":4},"end":{"line":198,"column":37}},{"start":{},"end":{}}],"line":198},"10":{"loc":{"start":{"line":201,"column":4},"end":{"line":201,"column":39}},"type":"if","locations":[{"start":{"line":201,"column":4},"end":{"line":201,"column":39}},{"start":{},"end":{}}],"line":201},"11":{"loc":{"start":{"line":207,"column":22},"end":{"line":207,"column":71}},"type":"cond-expr","locations":[{"start":{"line":207,"column":45},"end":{"line":207,"column":67}},{"start":{"line":207,"column":70},"end":{"line":207,"column":71}}],"line":207},"12":{"loc":{"start":{"line":209,"column":4},"end":{"line":211,"column":5}},"type":"if","locations":[{"start":{"line":209,"column":4},"end":{"line":211,"column":5}},{"start":{},"end":{}}],"line":209},"13":{"loc":{"start":{"line":239,"column":23},"end":{"line":239,"column":69}},"type":"binary-expr","locations":[{"start":{"line":239,"column":23},"end":{"line":239,"column":49}},{"start":{"line":239,"column":53},"end":{"line":239,"column":69}}],"line":239},"14":{"loc":{"start":{"line":270,"column":2},"end":{"line":270,"column":59}},"type":"if","locations":[{"start":{"line":270,"column":2},"end":{"line":270,"column":59}},{"start":{},"end":{}}],"line":270},"15":{"loc":{"start":{"line":272,"column":2},"end":{"line":277,"column":3}},"type":"if","locations":[{"start":{"line":272,"column":2},"end":{"line":277,"column":3}},{"start":{},"end":{}}],"line":272},"16":{"loc":{"start":{"line":273,"column":4},"end":{"line":274,"column":57}},"type":"binary-expr","locations":[{"start":{"line":273,"column":4},"end":{"line":273,"column":30}},{"start":{"line":274,"column":4},"end":{"line":274,"column":57}}],"line":273}},"s":{"0":1,"1":1,"2":1,"3":1,"4":1,"5":1,"6":1,"7":8,"8":0,"9":1,"10":11,"11":11,"12":11,"13":11,"14":10,"15":1,"16":9,"17":1,"18":8,"19":8,"20":8,"21":8,"22":8,"23":8,"24":8,"25":8,"26":8,"27":0,"28":0,"29":0,"30":0,"31":0,"32":0,"33":0,"34":0,"35":0,"36":0,"37":0,"38":0,"39":0,"40":0,"41":0,"42":0,"43":0,"44":0,"45":0,"46":0,"47":0,"48":0,"49":0,"50":0,"51":0,"52":0,"53":0,"54":0,"55":0,"56":9,"57":1,"58":5,"59":5,"60":5,"61":1,"62":4,"63":1,"64":3,"65":2},"f":{"0":8,"1":0,"2":11,"3":0,"4":5},"b":{"0":[1,9],"1":[1,8],"2":[8,1],"3":[8,0],"4":[0,0],"5":[0,0],"6":[0,0],"7":[0,0],"8":[0,0],"9":[0,0],"10":[0,0],"11":[0,0],"12":[0,0],"13":[0,0],"14":[1,4],"15":[1,3],"16":[4,3]},"_coverageSchema":"1a1c01bbd47fc00a2c39e90264f33305004495a9","hash":"0c8ecd2824dd3ea3af8b62e4997f6d6ca302655f"}
,"C:\\varshini\\TruckFleetManagement\\TFM_Backend\\models\\driveSession.js": {"path":"C:\\varshini\\TruckFleetManagement\\TFM_Backend\\models\\driveSession.js","statementMap":{"0":{"start":{"line":1,"column":17},"end":{"line":1,"column":36}},"1":{"start":{"line":3,"column":27},"end":{"line":30,"column":2}},"2":{"start":{"line":32,"column":21},"end":{"line":32,"column":71}},"3":{"start":{"line":33,"column":0},"end":{"line":33,"column":30}}},"fnMap":{},"branchMap":{},"s":{"0":1,"1":1,"2":1,"3":1},"f":{},"b":{},"_coverageSchema":"1a1c01bbd47fc00a2c39e90264f33305004495a9","hash":"d88135e8b3d6980889749cc447796bb50a876293"}
,"C:\\varshini\\TruckFleetManagement\\TFM_Backend\\models\\notification.js": {"path":"C:\\varshini\\TruckFleetManagement\\TFM_Backend\\models\\notification.js","statementMap":{"0":{"start":{"line":1,"column":17},"end":{"line":1,"column":36}},"1":{"start":{"line":3,"column":27},"end":{"line":37,"column":1}},"2":{"start":{"line":38,"column":0},"end":{"line":38,"column":66}},"3":{"start":{"line":40,"column":21},"end":{"line":40,"column":71}},"4":{"start":{"line":41,"column":0},"end":{"line":41,"column":36}}},"fnMap":{},"branchMap":{},"s":{"0":1,"1":1,"2":1,"3":1,"4":1},"f":{},"b":{},"_coverageSchema":"1a1c01bbd47fc00a2c39e90264f33305004495a9","hash":"158f2d71261899e33adff606cc8fc048162e15fe"}
,"C:\\varshini\\TruckFleetManagement\\TFM_Backend\\models\\owner.js": {"path":"C:\\varshini\\TruckFleetManagement\\TFM_Backend\\models\\owner.js","statementMap":{},"fnMap":{},"branchMap":{},"s":{},"f":{},"b":{},"_coverageSchema":"1a1c01bbd47fc00a2c39e90264f33305004495a9","hash":"7523a2c29a6458b6599188cd34b3e04082476c2f"}
,"C:\\varshini\\TruckFleetManagement\\TFM_Backend\\models\\refuelEvent.js": {"path":"C:\\varshini\\TruckFleetManagement\\TFM_Backend\\models\\refuelEvent.js","statementMap":{"0":{"start":{"line":1,"column":17},"end":{"line":1,"column":36}},"1":{"start":{"line":2,"column":12},"end":{"line":2,"column":26}},"2":{"start":{"line":4,"column":26},"end":{"line":30,"column":2}},"3":{"start":{"line":32,"column":20},"end":{"line":32,"column":68}},"4":{"start":{"line":33,"column":0},"end":{"line":33,"column":29}}},"fnMap":{},"branchMap":{},"s":{"0":1,"1":1,"2":1,"3":1,"4":1},"f":{},"b":{},"_coverageSchema":"1a1c01bbd47fc00a2c39e90264f33305004495a9","hash":"4ba869f3fabd93fec34de60c7150fda959ae8604"}
,"C:\\varshini\\TruckFleetManagement\\TFM_Backend\\models\\restLog.js": {"path":"C:\\varshini\\TruckFleetManagement\\TFM_Backend\\models\\restLog.js","statementMap":{"0":{"start":{"line":1,"column":17},"end":{"line":1,"column":36}},"1":{"start":{"line":3,"column":22},"end":{"line":22,"column":2}},"2":{"start":{"line":24,"column":16},"end":{"line":24,"column":56}},"3":{"start":{"line":25,"column":0},"end":{"line":25,"column":25}}},"fnMap":{},"branchMap":{},"s":{"0":1,"1":1,"2":1,"3":1},"f":{},"b":{},"_coverageSchema":"1a1c01bbd47fc00a2c39e90264f33305004495a9","hash":"262c54ef10219982dcc7499785120ccf086eb5fb"}
,"C:\\varshini\\TruckFleetManagement\\TFM_Backend\\models\\trip.js": {"path":"C:\\varshini\\TruckFleetManagement\\TFM_Backend\\models\\trip.js","statementMap":{"0":{"start":{"line":1,"column":17},"end":{"line":1,"column":36}},"1":{"start":{"line":3,"column":19},"end":{"line":88,"column":1}},"2":{"start":{"line":90,"column":13},"end":{"line":90,"column":47}},"3":{"start":{"line":92,"column":0},"end":{"line":92,"column":22}}},"fnMap":{},"branchMap":{},"s":{"0":1,"1":1,"2":1,"3":1},"f":{},"b":{},"_coverageSchema":"1a1c01bbd47fc00a2c39e90264f33305004495a9","hash":"15788439316ef96974806839145da3f69e6d350d"}
,"C:\\varshini\\TruckFleetManagement\\TFM_Backend\\models\\truck.js": {"path":"C:\\varshini\\TruckFleetManagement\\TFM_Backend\\models\\truck.js","statementMap":{"0":{"start":{"line":1,"column":17},"end":{"line":1,"column":36}},"1":{"start":{"line":2,"column":24},"end":{"line":2,"column":42}},"2":{"start":{"line":4,"column":20},"end":{"line":28,"column":1}},"3":{"start":{"line":29,"column":0},"end":{"line":29,"column":35}},"4":{"start":{"line":31,"column":14},"end":{"line":31,"column":50}},"5":{"start":{"line":33,"column":0},"end":{"line":33,"column":22}},"6":{"start":{"line":34,"column":0},"end":{"line":34,"column":34}}},"fnMap":{},"branchMap":{},"s":{"0":1,"1":1,"2":1,"3":1,"4":1,"5":1,"6":1},"f":{},"b":{},"_coverageSchema":"1a1c01bbd47fc00a2c39e90264f33305004495a9","hash":"9a2ff4959c3098b6b5856b44ca1c1a84e618cc4a"}
,"C:\\varshini\\TruckFleetManagement\\TFM_Backend\\utils\\notifyUser.js": {"path":"C:\\varshini\\TruckFleetManagement\\TFM_Backend\\utils\\notifyUser.js","statementMap":{"0":{"start":{"line":1,"column":25},"end":{"line":1,"column":58}},"1":{"start":{"line":2,"column":29},"end":{"line":2,"column":53}},"2":{"start":{"line":3,"column":16},"end":{"line":3,"column":34}},"3":{"start":{"line":6,"column":68},"end":{"line":6,"column":75}},"4":{"start":{"line":8,"column":27},"end":{"line":14,"column":3}},"5":{"start":{"line":18,"column":2},"end":{"line":23,"column":3}},"6":{"start":{"line":19,"column":4},"end":{"line":19,"column":63}},"7":{"start":{"line":20,"column":4},"end":{"line":22,"column":6}},"8":{"start":{"line":25,"column":2},"end":{"line":39,"column":3}},"9":{"start":{"line":26,"column":4},"end":{"line":33,"column":5}},"10":{"start":{"line":27,"column":6},"end":{"line":27,"column":71}},"11":{"start":{"line":28,"column":6},"end":{"line":30,"column":8}},"12":{"start":{"line":32,"column":6},"end":{"line":32,"column":78}},"13":{"start":{"line":35,"column":4},"end":{"line":35,"column":24}},"14":{"start":{"line":36,"column":9},"end":{"line":39,"column":3}},"15":{"start":{"line":37,"column":4},"end":{"line":37,"column":76}},"16":{"start":{"line":38,"column":4},"end":{"line":38,"column":14}},"17":{"start":{"line":43,"column":17},"end":{"line":48,"column":3}},"18":{"start":{"line":49,"column":2},"end":{"line":49,"column":40}},"19":{"start":{"line":52,"column":0},"end":{"line":52,"column":28}}},"fnMap":{"0":{"name":"notifyUser","decl":{"start":{"line":5,"column":15},"end":{"line":5,"column":25}},"loc":{"start":{"line":5,"column":57},"end":{"line":40,"column":1}},"line":5},"1":{"name":"getDefaultTitle","decl":{"start":{"line":42,"column":9},"end":{"line":42,"column":24}},"loc":{"start":{"line":42,"column":31},"end":{"line":50,"column":1}},"line":42}},"branchMap":{"0":{"loc":{"start":{"line":5,"column":43},"end":{"line":5,"column":55}},"type":"default-arg","locations":[{"start":{"line":5,"column":53},"end":{"line":5,"column":55}}],"line":5},"1":{"loc":{"start":{"line":6,"column":10},"end":{"line":6,"column":23}},"type":"default-arg","locations":[{"start":{"line":6,"column":17},"end":{"line":6,"column":23}}],"line":6},"2":{"loc":{"start":{"line":6,"column":32},"end":{"line":6,"column":46}},"type":"default-arg","locations":[{"start":{"line":6,"column":42},"end":{"line":6,"column":46}}],"line":6},"3":{"loc":{"start":{"line":6,"column":48},"end":{"line":6,"column":63}},"type":"default-arg","locations":[{"start":{"line":6,"column":59},"end":{"line":6,"column":63}}],"line":6},"4":{"loc":{"start":{"line":10,"column":11},"end":{"line":10,"column":41}},"type":"binary-expr","locations":[{"start":{"line":10,"column":11},"end":{"line":10,"column":16}},{"start":{"line":10,"column":20},"end":{"line":10,"column":41}}],"line":10},"5":{"loc":{"start":{"line":18,"column":2},"end":{"line":23,"column":3}},"type":"if","locations":[{"start":{"line":18,"column":2},"end":{"line":23,"column":3}},{"start":{},"end":{}}],"line":18},"6":{"loc":{"start":{"line":25,"column":2},"end":{"line":39,"column":3}},"type":"if","locations":[{"start":{"line":25,"column":2},"end":{"line":39,"column":3}},{"start":{"line":36,"column":9},"end":{"line":39,"column":3}}],"line":25},"7":{"loc":{"start":{"line":27,"column":37},"end":{"line":27,"column":69}},"type":"binary-expr","locations":[{"start":{"line":27,"column":37},"end":{"line":27,"column":49}},{"start":{"line":27,"column":53},"end":{"line":27,"column":69}}],"line":27},"8":{"loc":{"start":{"line":36,"column":9},"end":{"line":39,"column":3}},"type":"if","locations":[{"start":{"line":36,"column":9},"end":{"line":39,"column":3}},{"start":{},"end":{}}],"line":36},"9":{"loc":{"start":{"line":49,"column":9},"end":{"line":49,"column":39}},"type":"binary-expr","locations":[{"start":{"line":49,"column":9},"end":{"line":49,"column":21}},{"start":{"line":49,"column":25},"end":{"line":49,"column":39}}],"line":49}},"s":{"0":1,"1":1,"2":1,"3":0,"4":0,"5":0,"6":0,"7":0,"8":0,"9":0,"10":0,"11":0,"12":0,"13":0,"14":0,"15":0,"16":0,"17":0,"18":0,"19":1},"f":{"0":0,"1":0},"b":{"0":[0],"1":[0],"2":[0],"3":[0],"4":[0,0],"5":[0,0],"6":[0,0],"7":[0,0],"8":[0,0],"9":[0,0]},"_coverageSchema":"1a1c01bbd47fc00a2c39e90264f33305004495a9","hash":"4305c90ad3abb03430e42d2900569fb695aefbd5"}
,"C:\\varshini\\TruckFleetManagement\\TFM_Backend\\utils\\socketUtils.js": {"path":"C:\\varshini\\TruckFleetManagement\\TFM_Backend\\utils\\socketUtils.js","statementMap":{"0":{"start":{"line":2,"column":15},"end":{"line":2,"column":32}},"1":{"start":{"line":3,"column":21},"end":{"line":3,"column":54}},"2":{"start":{"line":4,"column":16},"end":{"line":4,"column":34}},"3":{"start":{"line":9,"column":23},"end":{"line":9,"column":43}},"4":{"start":{"line":11,"column":2},"end":{"line":18,"column":5}},"5":{"start":{"line":20,"column":2},"end":{"line":31,"column":5}},"6":{"start":{"line":21,"column":4},"end":{"line":21,"column":55}},"7":{"start":{"line":23,"column":4},"end":{"line":26,"column":7}},"8":{"start":{"line":24,"column":6},"end":{"line":24,"column":36}},"9":{"start":{"line":25,"column":6},"end":{"line":25,"column":68}},"10":{"start":{"line":28,"column":4},"end":{"line":30,"column":7}},"11":{"start":{"line":29,"column":6},"end":{"line":29,"column":56}},"12":{"start":{"line":33,"column":2},"end":{"line":33,"column":12}},"13":{"start":{"line":37,"column":2},"end":{"line":39,"column":3}},"14":{"start":{"line":38,"column":4},"end":{"line":38,"column":49}},"15":{"start":{"line":40,"column":2},"end":{"line":40,"column":12}},"16":{"start":{"line":44,"column":13},"end":{"line":44,"column":20}},"17":{"start":{"line":45,"column":2},"end":{"line":45,"column":65}},"18":{"start":{"line":46,"column":2},"end":{"line":46,"column":64}},"19":{"start":{"line":49,"column":0},"end":{"line":53,"column":2}}},"fnMap":{"0":{"name":"initSocket","decl":{"start":{"line":8,"column":9},"end":{"line":8,"column":19}},"loc":{"start":{"line":8,"column":28},"end":{"line":34,"column":1}},"line":8},"1":{"name":"(anonymous_1)","decl":{"start":{"line":20,"column":22},"end":{"line":20,"column":23}},"loc":{"start":{"line":20,"column":34},"end":{"line":31,"column":3}},"line":20},"2":{"name":"(anonymous_2)","decl":{"start":{"line":23,"column":32},"end":{"line":23,"column":33}},"loc":{"start":{"line":23,"column":44},"end":{"line":26,"column":5}},"line":23},"3":{"name":"(anonymous_3)","decl":{"start":{"line":28,"column":28},"end":{"line":28,"column":29}},"loc":{"start":{"line":28,"column":34},"end":{"line":30,"column":5}},"line":28},"4":{"name":"getIO","decl":{"start":{"line":36,"column":9},"end":{"line":36,"column":14}},"loc":{"start":{"line":36,"column":17},"end":{"line":41,"column":1}},"line":36},"5":{"name":"emitNotification","decl":{"start":{"line":43,"column":15},"end":{"line":43,"column":31}},"loc":{"start":{"line":43,"column":54},"end":{"line":47,"column":1}},"line":43}},"branchMap":{"0":{"loc":{"start":{"line":37,"column":2},"end":{"line":39,"column":3}},"type":"if","locations":[{"start":{"line":37,"column":2},"end":{"line":39,"column":3}},{"start":{},"end":{}}],"line":37}},"s":{"0":1,"1":1,"2":1,"3":0,"4":0,"5":0,"6":0,"7":0,"8":0,"9":0,"10":0,"11":0,"12":0,"13":0,"14":0,"15":0,"16":0,"17":0,"18":0,"19":1},"f":{"0":0,"1":0,"2":0,"3":0,"4":0,"5":0},"b":{"0":[0,0]},"_coverageSchema":"1a1c01bbd47fc00a2c39e90264f33305004495a9","hash":"f27b884f1628fcd755d1d7e927d869305bda6338"}
}
