{"C:\\varshini\\TruckFleetManagement\\TFM_Backend\\controllers\\authController.js": {"path":"C:\\varshini\\TruckFleetManagement\\TFM_Backend\\controllers\\authController.js","statementMap":{"0":{"start":{"line":17,"column":49},"end":{"line":17,"column":59}},"1":{"start":{"line":19,"column":20},"end":{"line":21,"column":1}},"2":{"start":{"line":20,"column":2},"end":{"line":20,"column":64}},"3":{"start":{"line":23,"column":34},"end":{"line":32,"column":1}},"4":{"start":{"line":24,"column":2},"end":{"line":31,"column":4}},"5":{"start":{"line":34,"column":23},"end":{"line":79,"column":1}},"6":{"start":{"line":35,"column":2},"end":{"line":78,"column":3}},"7":{"start":{"line":36,"column":22},"end":{"line":36,"column":30}},"8":{"start":{"line":38,"column":4},"end":{"line":40,"column":5}},"9":{"start":{"line":39,"column":6},"end":{"line":39,"column":68}},"10":{"start":{"line":43,"column":25},"end":{"line":43,"column":75}},"11":{"start":{"line":44,"column":4},"end":{"line":46,"column":5}},"12":{"start":{"line":45,"column":6},"end":{"line":45,"column":78}},"13":{"start":{"line":49,"column":20},"end":{"line":49,"column":33}},"14":{"start":{"line":50,"column":22},"end":{"line":50,"column":49}},"15":{"start":{"line":53,"column":4},"end":{"line":53,"column":57}},"16":{"start":{"line":56,"column":22},"end":{"line":60,"column":6}},"17":{"start":{"line":62,"column":4},"end":{"line":62,"column":27}},"18":{"start":{"line":64,"column":4},"end":{"line":75,"column":5}},"19":{"start":{"line":65,"column":6},"end":{"line":65,"column":41}},"20":{"start":{"line":66,"column":6},"end":{"line":70,"column":9}},"21":{"start":{"line":73,"column":6},"end":{"line":73,"column":72}},"22":{"start":{"line":74,"column":6},"end":{"line":74,"column":68}},"23":{"start":{"line":77,"column":4},"end":{"line":77,"column":54}},"24":{"start":{"line":81,"column":25},"end":{"line":131,"column":1}},"25":{"start":{"line":82,"column":2},"end":{"line":130,"column":3}},"26":{"start":{"line":83,"column":22},"end":{"line":83,"column":43}},"27":{"start":{"line":84,"column":4},"end":{"line":85,"column":73}},"28":{"start":{"line":85,"column":6},"end":{"line":85,"column":73}},"29":{"start":{"line":87,"column":27},"end":{"line":87,"column":35}},"30":{"start":{"line":90,"column":22},"end":{"line":93,"column":6}},"31":{"start":{"line":95,"column":4},"end":{"line":97,"column":5}},"32":{"start":{"line":96,"column":6},"end":{"line":96,"column":62}},"33":{"start":{"line":100,"column":4},"end":{"line":103,"column":5}},"34":{"start":{"line":101,"column":6},"end":{"line":101,"column":50}},"35":{"start":{"line":102,"column":6},"end":{"line":102,"column":66}},"36":{"start":{"line":106,"column":4},"end":{"line":106,"column":48}},"37":{"start":{"line":108,"column":17},"end":{"line":108,"column":67}},"38":{"start":{"line":109,"column":4},"end":{"line":122,"column":5}},"39":{"start":{"line":110,"column":6},"end":{"line":110,"column":32}},"40":{"start":{"line":111,"column":6},"end":{"line":111,"column":24}},"41":{"start":{"line":114,"column":6},"end":{"line":121,"column":8}},"42":{"start":{"line":124,"column":4},"end":{"line":127,"column":7}},"43":{"start":{"line":129,"column":4},"end":{"line":129,"column":54}},"44":{"start":{"line":133,"column":24},"end":{"line":184,"column":1}},"45":{"start":{"line":134,"column":20},"end":{"line":134,"column":42}},"46":{"start":{"line":135,"column":2},"end":{"line":135,"column":80}},"47":{"start":{"line":135,"column":13},"end":{"line":135,"column":80}},"48":{"start":{"line":137,"column":13},"end":{"line":137,"column":58}},"49":{"start":{"line":138,"column":2},"end":{"line":139,"column":76}},"50":{"start":{"line":139,"column":4},"end":{"line":139,"column":76}},"51":{"start":{"line":141,"column":2},"end":{"line":148,"column":3}},"52":{"start":{"line":142,"column":26},"end":{"line":142,"column":71}},"53":{"start":{"line":143,"column":4},"end":{"line":147,"column":5}},"54":{"start":{"line":144,"column":6},"end":{"line":146,"column":65}},"55":{"start":{"line":151,"column":28},"end":{"line":155,"column":4}},"56":{"start":{"line":157,"column":2},"end":{"line":161,"column":3}},"57":{"start":{"line":158,"column":4},"end":{"line":160,"column":7}},"58":{"start":{"line":163,"column":24},"end":{"line":163,"column":69}},"59":{"start":{"line":165,"column":23},"end":{"line":165,"column":54}},"60":{"start":{"line":167,"column":3},"end":{"line":173,"column":3}},"61":{"start":{"line":168,"column":4},"end":{"line":168,"column":32}},"62":{"start":{"line":169,"column":9},"end":{"line":173,"column":3}},"63":{"start":{"line":172,"column":4},"end":{"line":172,"column":32}},"64":{"start":{"line":175,"column":2},"end":{"line":175,"column":36}},"65":{"start":{"line":177,"column":2},"end":{"line":177,"column":32}},"66":{"start":{"line":178,"column":2},"end":{"line":178,"column":20}},"67":{"start":{"line":180,"column":2},"end":{"line":180,"column":77}},"68":{"start":{"line":181,"column":16},"end":{"line":181,"column":40}},"69":{"start":{"line":183,"column":2},"end":{"line":183,"column":22}},"70":{"start":{"line":186,"column":21},"end":{"line":203,"column":1}},"71":{"start":{"line":187,"column":30},"end":{"line":187,"column":38}},"72":{"start":{"line":189,"column":15},"end":{"line":189,"column":44}},"73":{"start":{"line":190,"column":2},"end":{"line":190,"column":71}},"74":{"start":{"line":190,"column":13},"end":{"line":190,"column":71}},"75":{"start":{"line":192,"column":2},"end":{"line":196,"column":3}},"76":{"start":{"line":193,"column":4},"end":{"line":195,"column":7}},"77":{"start":{"line":198,"column":24},"end":{"line":198,"column":69}},"78":{"start":{"line":199,"column":2},"end":{"line":199,"column":80}},"79":{"start":{"line":199,"column":22},"end":{"line":199,"column":80}},"80":{"start":{"line":201,"column":16},"end":{"line":201,"column":40}},"81":{"start":{"line":202,"column":2},"end":{"line":202,"column":76}},"82":{"start":{"line":205,"column":30},"end":{"line":211,"column":1}},"83":{"start":{"line":206,"column":15},"end":{"line":208,"column":32}},"84":{"start":{"line":209,"column":2},"end":{"line":209,"column":60}},"85":{"start":{"line":209,"column":13},"end":{"line":209,"column":60}},"86":{"start":{"line":210,"column":2},"end":{"line":210,"column":17}},"87":{"start":{"line":213,"column":30},"end":{"line":275,"column":1}},"88":{"start":{"line":214,"column":2},"end":{"line":274,"column":3}},"89":{"start":{"line":223,"column":8},"end":{"line":223,"column":16}},"90":{"start":{"line":225,"column":4},"end":{"line":226,"column":75}},"91":{"start":{"line":226,"column":6},"end":{"line":226,"column":75}},"92":{"start":{"line":229,"column":21},"end":{"line":229,"column":72}},"93":{"start":{"line":230,"column":4},"end":{"line":234,"column":5}},"94":{"start":{"line":231,"column":6},"end":{"line":233,"column":62}},"95":{"start":{"line":237,"column":4},"end":{"line":241,"column":5}},"96":{"start":{"line":238,"column":6},"end":{"line":240,"column":62}},"97":{"start":{"line":244,"column":21},"end":{"line":244,"column":50}},"98":{"start":{"line":245,"column":4},"end":{"line":246,"column":74}},"99":{"start":{"line":246,"column":6},"end":{"line":246,"column":74}},"100":{"start":{"line":249,"column":17},"end":{"line":259,"column":6}},"101":{"start":{"line":261,"column":4},"end":{"line":261,"column":22}},"102":{"start":{"line":264,"column":4},"end":{"line":264,"column":27}},"103":{"start":{"line":265,"column":4},"end":{"line":265,"column":26}},"104":{"start":{"line":267,"column":22},"end":{"line":267,"column":46}},"105":{"start":{"line":268,"column":4},"end":{"line":271,"column":7}},"106":{"start":{"line":273,"column":4},"end":{"line":273,"column":54}},"107":{"start":{"line":277,"column":29},"end":{"line":299,"column":1}},"108":{"start":{"line":278,"column":2},"end":{"line":298,"column":3}},"109":{"start":{"line":280,"column":4},"end":{"line":286,"column":5}},"110":{"start":{"line":281,"column":22},"end":{"line":284,"column":28}},"111":{"start":{"line":285,"column":6},"end":{"line":285,"column":31}},"112":{"start":{"line":289,"column":4},"end":{"line":292,"column":5}},"113":{"start":{"line":290,"column":22},"end":{"line":290,"column":77}},"114":{"start":{"line":291,"column":6},"end":{"line":291,"column":31}},"115":{"start":{"line":295,"column":4},"end":{"line":295,"column":62}},"116":{"start":{"line":297,"column":4},"end":{"line":297,"column":54}},"117":{"start":{"line":301,"column":30},"end":{"line":357,"column":1}},"118":{"start":{"line":302,"column":2},"end":{"line":356,"column":3}},"119":{"start":{"line":303,"column":22},"end":{"line":303,"column":45}},"120":{"start":{"line":304,"column":4},"end":{"line":305,"column":73}},"121":{"start":{"line":305,"column":6},"end":{"line":305,"column":73}},"122":{"start":{"line":307,"column":22},"end":{"line":307,"column":30}},"123":{"start":{"line":309,"column":17},"end":{"line":309,"column":67}},"124":{"start":{"line":310,"column":4},"end":{"line":315,"column":5}},"125":{"start":{"line":312,"column":6},"end":{"line":314,"column":9}},"126":{"start":{"line":318,"column":23},"end":{"line":318,"column":61}},"127":{"start":{"line":319,"column":29},"end":{"line":319,"column":49}},"128":{"start":{"line":322,"column":4},"end":{"line":322,"column":41}},"129":{"start":{"line":323,"column":4},"end":{"line":323,"column":49}},"130":{"start":{"line":324,"column":4},"end":{"line":324,"column":22}},"131":{"start":{"line":327,"column":4},"end":{"line":349,"column":5}},"132":{"start":{"line":328,"column":6},"end":{"line":328,"column":59}},"133":{"start":{"line":342,"column":6},"end":{"line":342,"column":42}},"134":{"start":{"line":343,"column":6},"end":{"line":343,"column":44}},"135":{"start":{"line":344,"column":6},"end":{"line":344,"column":24}},"136":{"start":{"line":346,"column":6},"end":{"line":348,"column":9}},"137":{"start":{"line":351,"column":4},"end":{"line":353,"column":7}},"138":{"start":{"line":355,"column":4},"end":{"line":355,"column":54}},"139":{"start":{"line":359,"column":29},"end":{"line":404,"column":1}},"140":{"start":{"line":360,"column":2},"end":{"line":403,"column":3}},"141":{"start":{"line":361,"column":22},"end":{"line":361,"column":53}},"142":{"start":{"line":362,"column":4},"end":{"line":363,"column":73}},"143":{"start":{"line":363,"column":6},"end":{"line":363,"column":73}},"144":{"start":{"line":365,"column":35},"end":{"line":365,"column":43}},"145":{"start":{"line":368,"column":17},"end":{"line":371,"column":6}},"146":{"start":{"line":373,"column":4},"end":{"line":377,"column":5}},"147":{"start":{"line":374,"column":6},"end":{"line":376,"column":9}},"148":{"start":{"line":379,"column":27},"end":{"line":379,"column":75}},"149":{"start":{"line":380,"column":4},"end":{"line":384,"column":5}},"150":{"start":{"line":381,"column":6},"end":{"line":383,"column":9}},"151":{"start":{"line":386,"column":4},"end":{"line":386,"column":32}},"152":{"start":{"line":387,"column":4},"end":{"line":387,"column":40}},"153":{"start":{"line":388,"column":4},"end":{"line":388,"column":42}},"154":{"start":{"line":389,"column":4},"end":{"line":389,"column":22}},"155":{"start":{"line":392,"column":4},"end":{"line":396,"column":7}},"156":{"start":{"line":398,"column":4},"end":{"line":400,"column":7}},"157":{"start":{"line":402,"column":4},"end":{"line":402,"column":54}},"158":{"start":{"line":406,"column":34},"end":{"line":429,"column":1}},"159":{"start":{"line":407,"column":2},"end":{"line":428,"column":3}},"160":{"start":{"line":408,"column":22},"end":{"line":408,"column":32}},"161":{"start":{"line":410,"column":17},"end":{"line":413,"column":6}},"162":{"start":{"line":415,"column":4},"end":{"line":420,"column":5}},"163":{"start":{"line":416,"column":6},"end":{"line":419,"column":9}},"164":{"start":{"line":422,"column":4},"end":{"line":425,"column":7}},"165":{"start":{"line":427,"column":4},"end":{"line":427,"column":54}},"166":{"start":{"line":431,"column":29},"end":{"line":475,"column":1}},"167":{"start":{"line":432,"column":2},"end":{"line":474,"column":3}},"168":{"start":{"line":433,"column":19},"end":{"line":433,"column":31}},"169":{"start":{"line":434,"column":23},"end":{"line":434,"column":38}},"170":{"start":{"line":437,"column":4},"end":{"line":437,"column":28}},"171":{"start":{"line":438,"column":4},"end":{"line":438,"column":27}},"172":{"start":{"line":439,"column":4},"end":{"line":439,"column":30}},"173":{"start":{"line":441,"column":24},"end":{"line":441,"column":51}},"174":{"start":{"line":442,"column":4},"end":{"line":442,"column":69}},"175":{"start":{"line":442,"column":22},"end":{"line":442,"column":69}},"176":{"start":{"line":445,"column":4},"end":{"line":452,"column":5}},"177":{"start":{"line":447,"column":6},"end":{"line":451,"column":7}},"178":{"start":{"line":448,"column":8},"end":{"line":450,"column":11}},"179":{"start":{"line":455,"column":4},"end":{"line":459,"column":7}},"180":{"start":{"line":462,"column":27},"end":{"line":462,"column":68}},"181":{"start":{"line":463,"column":4},"end":{"line":465,"column":5}},"182":{"start":{"line":464,"column":6},"end":{"line":464,"column":70}},"183":{"start":{"line":466,"column":24},"end":{"line":466,"column":46}},"184":{"start":{"line":468,"column":4},"end":{"line":468,"column":69}},"185":{"start":{"line":468,"column":22},"end":{"line":468,"column":69}},"186":{"start":{"line":470,"column":4},"end":{"line":470,"column":26}},"187":{"start":{"line":472,"column":4},"end":{"line":472,"column":50}},"188":{"start":{"line":473,"column":4},"end":{"line":473,"column":54}},"189":{"start":{"line":477,"column":27},"end":{"line":485,"column":1}},"190":{"start":{"line":478,"column":2},"end":{"line":484,"column":3}},"191":{"start":{"line":479,"column":19},"end":{"line":479,"column":73}},"192":{"start":{"line":480,"column":4},"end":{"line":480,"column":21}},"193":{"start":{"line":482,"column":4},"end":{"line":482,"column":51}},"194":{"start":{"line":483,"column":4},"end":{"line":483,"column":54}}},"fnMap":{"0":{"name":"(anonymous_0)","decl":{"start":{"line":19,"column":20},"end":{"line":19,"column":21}},"loc":{"start":{"line":19,"column":26},"end":{"line":21,"column":1}},"line":19},"1":{"name":"(anonymous_1)","decl":{"start":{"line":23,"column":34},"end":{"line":23,"column":35}},"loc":{"start":{"line":23,"column":45},"end":{"line":32,"column":1}},"line":23},"2":{"name":"(anonymous_2)","decl":{"start":{"line":34,"column":23},"end":{"line":34,"column":24}},"loc":{"start":{"line":34,"column":43},"end":{"line":79,"column":1}},"line":34},"3":{"name":"(anonymous_3)","decl":{"start":{"line":81,"column":25},"end":{"line":81,"column":26}},"loc":{"start":{"line":81,"column":45},"end":{"line":131,"column":1}},"line":81},"4":{"name":"(anonymous_4)","decl":{"start":{"line":133,"column":24},"end":{"line":133,"column":25}},"loc":{"start":{"line":133,"column":44},"end":{"line":184,"column":1}},"line":133},"5":{"name":"(anonymous_5)","decl":{"start":{"line":186,"column":21},"end":{"line":186,"column":22}},"loc":{"start":{"line":186,"column":41},"end":{"line":203,"column":1}},"line":186},"6":{"name":"(anonymous_6)","decl":{"start":{"line":205,"column":30},"end":{"line":205,"column":31}},"loc":{"start":{"line":205,"column":50},"end":{"line":211,"column":1}},"line":205},"7":{"name":"(anonymous_7)","decl":{"start":{"line":213,"column":30},"end":{"line":213,"column":31}},"loc":{"start":{"line":213,"column":50},"end":{"line":275,"column":1}},"line":213},"8":{"name":"(anonymous_8)","decl":{"start":{"line":277,"column":29},"end":{"line":277,"column":30}},"loc":{"start":{"line":277,"column":49},"end":{"line":299,"column":1}},"line":277},"9":{"name":"(anonymous_9)","decl":{"start":{"line":301,"column":30},"end":{"line":301,"column":31}},"loc":{"start":{"line":301,"column":50},"end":{"line":357,"column":1}},"line":301},"10":{"name":"(anonymous_10)","decl":{"start":{"line":359,"column":29},"end":{"line":359,"column":30}},"loc":{"start":{"line":359,"column":49},"end":{"line":404,"column":1}},"line":359},"11":{"name":"(anonymous_11)","decl":{"start":{"line":406,"column":34},"end":{"line":406,"column":35}},"loc":{"start":{"line":406,"column":54},"end":{"line":429,"column":1}},"line":406},"12":{"name":"(anonymous_12)","decl":{"start":{"line":431,"column":29},"end":{"line":431,"column":30}},"loc":{"start":{"line":431,"column":49},"end":{"line":475,"column":1}},"line":431},"13":{"name":"(anonymous_13)","decl":{"start":{"line":477,"column":27},"end":{"line":477,"column":28}},"loc":{"start":{"line":477,"column":47},"end":{"line":485,"column":1}},"line":477}},"branchMap":{"0":{"loc":{"start":{"line":38,"column":4},"end":{"line":40,"column":5}},"type":"if","locations":[{"start":{"line":38,"column":4},"end":{"line":40,"column":5}},{"start":{},"end":{}}],"line":38},"1":{"loc":{"start":{"line":44,"column":4},"end":{"line":46,"column":5}},"type":"if","locations":[{"start":{"line":44,"column":4},"end":{"line":46,"column":5}},{"start":{},"end":{}}],"line":44},"2":{"loc":{"start":{"line":69,"column":13},"end":{"line":69,"column":70}},"type":"cond-expr","locations":[{"start":{"line":69,"column":51},"end":{"line":69,"column":58}},{"start":{"line":69,"column":61},"end":{"line":69,"column":70}}],"line":69},"3":{"loc":{"start":{"line":84,"column":4},"end":{"line":85,"column":73}},"type":"if","locations":[{"start":{"line":84,"column":4},"end":{"line":85,"column":73}},{"start":{},"end":{}}],"line":84},"4":{"loc":{"start":{"line":95,"column":4},"end":{"line":97,"column":5}},"type":"if","locations":[{"start":{"line":95,"column":4},"end":{"line":97,"column":5}},{"start":{},"end":{}}],"line":95},"5":{"loc":{"start":{"line":100,"column":4},"end":{"line":103,"column":5}},"type":"if","locations":[{"start":{"line":100,"column":4},"end":{"line":103,"column":5}},{"start":{},"end":{}}],"line":100},"6":{"loc":{"start":{"line":109,"column":4},"end":{"line":122,"column":5}},"type":"if","locations":[{"start":{"line":109,"column":4},"end":{"line":122,"column":5}},{"start":{"line":112,"column":11},"end":{"line":122,"column":5}}],"line":109},"7":{"loc":{"start":{"line":135,"column":2},"end":{"line":135,"column":80}},"type":"if","locations":[{"start":{"line":135,"column":2},"end":{"line":135,"column":80}},{"start":{},"end":{}}],"line":135},"8":{"loc":{"start":{"line":138,"column":2},"end":{"line":139,"column":76}},"type":"if","locations":[{"start":{"line":138,"column":2},"end":{"line":139,"column":76}},{"start":{},"end":{}}],"line":138},"9":{"loc":{"start":{"line":141,"column":2},"end":{"line":148,"column":3}},"type":"if","locations":[{"start":{"line":141,"column":2},"end":{"line":148,"column":3}},{"start":{},"end":{}}],"line":141},"10":{"loc":{"start":{"line":143,"column":4},"end":{"line":147,"column":5}},"type":"if","locations":[{"start":{"line":143,"column":4},"end":{"line":147,"column":5}},{"start":{},"end":{}}],"line":143},"11":{"loc":{"start":{"line":157,"column":2},"end":{"line":161,"column":3}},"type":"if","locations":[{"start":{"line":157,"column":2},"end":{"line":161,"column":3}},{"start":{},"end":{}}],"line":157},"12":{"loc":{"start":{"line":167,"column":3},"end":{"line":173,"column":3}},"type":"if","locations":[{"start":{"line":167,"column":3},"end":{"line":173,"column":3}},{"start":{"line":169,"column":9},"end":{"line":173,"column":3}}],"line":167},"13":{"loc":{"start":{"line":169,"column":9},"end":{"line":173,"column":3}},"type":"if","locations":[{"start":{"line":169,"column":9},"end":{"line":173,"column":3}},{"start":{"line":171,"column":9},"end":{"line":173,"column":3}}],"line":169},"14":{"loc":{"start":{"line":190,"column":2},"end":{"line":190,"column":71}},"type":"if","locations":[{"start":{"line":190,"column":2},"end":{"line":190,"column":71}},{"start":{},"end":{}}],"line":190},"15":{"loc":{"start":{"line":192,"column":2},"end":{"line":196,"column":3}},"type":"if","locations":[{"start":{"line":192,"column":2},"end":{"line":196,"column":3}},{"start":{},"end":{}}],"line":192},"16":{"loc":{"start":{"line":192,"column":6},"end":{"line":192,"column":50}},"type":"binary-expr","locations":[{"start":{"line":192,"column":6},"end":{"line":192,"column":27}},{"start":{"line":192,"column":31},"end":{"line":192,"column":50}}],"line":192},"17":{"loc":{"start":{"line":199,"column":2},"end":{"line":199,"column":80}},"type":"if","locations":[{"start":{"line":199,"column":2},"end":{"line":199,"column":80}},{"start":{},"end":{}}],"line":199},"18":{"loc":{"start":{"line":209,"column":2},"end":{"line":209,"column":60}},"type":"if","locations":[{"start":{"line":209,"column":2},"end":{"line":209,"column":60}},{"start":{},"end":{}}],"line":209},"19":{"loc":{"start":{"line":225,"column":4},"end":{"line":226,"column":75}},"type":"if","locations":[{"start":{"line":225,"column":4},"end":{"line":226,"column":75}},{"start":{},"end":{}}],"line":225},"20":{"loc":{"start":{"line":230,"column":4},"end":{"line":234,"column":5}},"type":"if","locations":[{"start":{"line":230,"column":4},"end":{"line":234,"column":5}},{"start":{},"end":{}}],"line":230},"21":{"loc":{"start":{"line":230,"column":8},"end":{"line":230,"column":52}},"type":"binary-expr","locations":[{"start":{"line":230,"column":8},"end":{"line":230,"column":17}},{"start":{"line":230,"column":21},"end":{"line":230,"column":52}}],"line":230},"22":{"loc":{"start":{"line":237,"column":4},"end":{"line":241,"column":5}},"type":"if","locations":[{"start":{"line":237,"column":4},"end":{"line":241,"column":5}},{"start":{},"end":{}}],"line":237},"23":{"loc":{"start":{"line":245,"column":4},"end":{"line":246,"column":74}},"type":"if","locations":[{"start":{"line":245,"column":4},"end":{"line":246,"column":74}},{"start":{},"end":{}}],"line":245},"24":{"loc":{"start":{"line":280,"column":4},"end":{"line":286,"column":5}},"type":"if","locations":[{"start":{"line":280,"column":4},"end":{"line":286,"column":5}},{"start":{},"end":{}}],"line":280},"25":{"loc":{"start":{"line":289,"column":4},"end":{"line":292,"column":5}},"type":"if","locations":[{"start":{"line":289,"column":4},"end":{"line":292,"column":5}},{"start":{},"end":{}}],"line":289},"26":{"loc":{"start":{"line":304,"column":4},"end":{"line":305,"column":73}},"type":"if","locations":[{"start":{"line":304,"column":4},"end":{"line":305,"column":73}},{"start":{},"end":{}}],"line":304},"27":{"loc":{"start":{"line":310,"column":4},"end":{"line":315,"column":5}},"type":"if","locations":[{"start":{"line":310,"column":4},"end":{"line":315,"column":5}},{"start":{},"end":{}}],"line":310},"28":{"loc":{"start":{"line":362,"column":4},"end":{"line":363,"column":73}},"type":"if","locations":[{"start":{"line":362,"column":4},"end":{"line":363,"column":73}},{"start":{},"end":{}}],"line":362},"29":{"loc":{"start":{"line":373,"column":4},"end":{"line":377,"column":5}},"type":"if","locations":[{"start":{"line":373,"column":4},"end":{"line":377,"column":5}},{"start":{},"end":{}}],"line":373},"30":{"loc":{"start":{"line":380,"column":4},"end":{"line":384,"column":5}},"type":"if","locations":[{"start":{"line":380,"column":4},"end":{"line":384,"column":5}},{"start":{},"end":{}}],"line":380},"31":{"loc":{"start":{"line":415,"column":4},"end":{"line":420,"column":5}},"type":"if","locations":[{"start":{"line":415,"column":4},"end":{"line":420,"column":5}},{"start":{},"end":{}}],"line":415},"32":{"loc":{"start":{"line":442,"column":4},"end":{"line":442,"column":69}},"type":"if","locations":[{"start":{"line":442,"column":4},"end":{"line":442,"column":69}},{"start":{},"end":{}}],"line":442},"33":{"loc":{"start":{"line":445,"column":4},"end":{"line":452,"column":5}},"type":"if","locations":[{"start":{"line":445,"column":4},"end":{"line":452,"column":5}},{"start":{},"end":{}}],"line":445},"34":{"loc":{"start":{"line":447,"column":6},"end":{"line":451,"column":7}},"type":"if","locations":[{"start":{"line":447,"column":6},"end":{"line":451,"column":7}},{"start":{},"end":{}}],"line":447},"35":{"loc":{"start":{"line":447,"column":10},"end":{"line":447,"column":65}},"type":"binary-expr","locations":[{"start":{"line":447,"column":10},"end":{"line":447,"column":35}},{"start":{"line":447,"column":39},"end":{"line":447,"column":65}}],"line":447},"36":{"loc":{"start":{"line":463,"column":4},"end":{"line":465,"column":5}},"type":"if","locations":[{"start":{"line":463,"column":4},"end":{"line":465,"column":5}},{"start":{},"end":{}}],"line":463},"37":{"loc":{"start":{"line":468,"column":4},"end":{"line":468,"column":69}},"type":"if","locations":[{"start":{"line":468,"column":4},"end":{"line":468,"column":69}},{"start":{},"end":{}}],"line":468}},"s":{"0":1,"1":1,"2":2,"3":1,"4":0,"5":1,"6":5,"7":5,"8":5,"9":1,"10":4,"11":3,"12":1,"13":2,"14":2,"15":2,"16":2,"17":2,"18":2,"19":2,"20":1,"21":1,"22":1,"23":1,"24":1,"25":4,"26":4,"27":4,"28":1,"29":3,"30":3,"31":3,"32":1,"33":2,"34":1,"35":1,"36":1,"37":1,"38":1,"39":0,"40":0,"41":1,"42":1,"43":0,"44":1,"45":4,"46":4,"47":1,"48":3,"49":3,"50":1,"51":2,"52":0,"53":0,"54":0,"55":2,"56":2,"57":0,"58":2,"59":2,"60":2,"61":2,"62":0,"63":0,"64":2,"65":2,"66":2,"67":1,"68":1,"69":1,"70":1,"71":4,"72":4,"73":3,"74":1,"75":2,"76":0,"77":2,"78":2,"79":1,"80":1,"81":1,"82":1,"83":3,"84":2,"85":1,"86":1,"87":1,"88":3,"89":3,"90":3,"91":1,"92":2,"93":2,"94":0,"95":2,"96":0,"97":2,"98":2,"99":1,"100":1,"101":1,"102":1,"103":1,"104":1,"105":1,"106":0,"107":1,"108":2,"109":2,"110":0,"111":0,"112":2,"113":2,"114":1,"115":0,"116":1,"117":1,"118":3,"119":3,"120":3,"121":1,"122":2,"123":2,"124":2,"125":1,"126":1,"127":1,"128":1,"129":1,"130":1,"131":1,"132":1,"133":0,"134":0,"135":0,"136":0,"137":1,"138":0,"139":1,"140":3,"141":3,"142":3,"143":1,"144":2,"145":2,"146":2,"147":1,"148":1,"149":1,"150":0,"151":1,"152":1,"153":1,"154":1,"155":1,"156":1,"157":0,"158":1,"159":2,"160":2,"161":2,"162":2,"163":1,"164":1,"165":0,"166":1,"167":3,"168":3,"169":3,"170":3,"171":3,"172":3,"173":3,"174":3,"175":1,"176":2,"177":1,"178":1,"179":1,"180":1,"181":1,"182":0,"183":1,"184":1,"185":0,"186":1,"187":0,"188":0,"189":1,"190":2,"191":2,"192":1,"193":1,"194":1},"f":{"0":2,"1":0,"2":5,"3":4,"4":4,"5":4,"6":3,"7":3,"8":2,"9":3,"10":3,"11":2,"12":3,"13":2},"b":{"0":[1,4],"1":[1,2],"2":[0,1],"3":[1,3],"4":[1,2],"5":[1,1],"6":[0,1],"7":[1,3],"8":[1,2],"9":[0,2],"10":[0,0],"11":[0,2],"12":[2,0],"13":[0,0],"14":[1,2],"15":[0,2],"16":[2,1],"17":[1,1],"18":[1,1],"19":[1,2],"20":[0,2],"21":[2,2],"22":[0,2],"23":[1,1],"24":[0,2],"25":[2,0],"26":[1,2],"27":[1,1],"28":[1,2],"29":[1,1],"30":[0,1],"31":[1,1],"32":[1,2],"33":[1,1],"34":[1,0],"35":[1,0],"36":[0,1],"37":[0,1]},"inputSourceMap":null,"_coverageSchema":"1a1c01bbd47fc00a2c39e90264f33305004495a9","hash":"7dc5a5cfd87c56e2b95505fa04378f86419f7cdc"}
,"C:\\varshini\\TruckFleetManagement\\TFM_Backend\\controllers\\dashboardController.js": {"path":"C:\\varshini\\TruckFleetManagement\\TFM_Backend\\controllers\\dashboardController.js","statementMap":{"0":{"start":{"line":7,"column":24},"end":{"line":42,"column":1}},"1":{"start":{"line":8,"column":2},"end":{"line":41,"column":3}},"2":{"start":{"line":9,"column":22},"end":{"line":9,"column":24}},"3":{"start":{"line":10,"column":21},"end":{"line":10,"column":41}},"4":{"start":{"line":11,"column":23},"end":{"line":11,"column":41}},"5":{"start":{"line":14,"column":4},"end":{"line":23,"column":5}},"6":{"start":{"line":15,"column":6},"end":{"line":15,"column":42}},"7":{"start":{"line":16,"column":6},"end":{"line":16,"column":41}},"8":{"start":{"line":17,"column":6},"end":{"line":17,"column":42}},"9":{"start":{"line":19,"column":11},"end":{"line":23,"column":5}},"10":{"start":{"line":20,"column":6},"end":{"line":20,"column":23}},"11":{"start":{"line":21,"column":6},"end":{"line":21,"column":62}},"12":{"start":{"line":22,"column":6},"end":{"line":22,"column":24}},"13":{"start":{"line":25,"column":24},"end":{"line":25,"column":63}},"14":{"start":{"line":26,"column":23},"end":{"line":26,"column":60}},"15":{"start":{"line":27,"column":25},"end":{"line":27,"column":64}},"16":{"start":{"line":29,"column":4},"end":{"line":29,"column":40}},"17":{"start":{"line":31,"column":25},"end":{"line":31,"column":88}},"18":{"start":{"line":33,"column":4},"end":{"line":38,"column":7}},"19":{"start":{"line":40,"column":4},"end":{"line":40,"column":63}},"20":{"start":{"line":45,"column":30},"end":{"line":61,"column":1}},"21":{"start":{"line":46,"column":17},"end":{"line":46,"column":37}},"22":{"start":{"line":48,"column":2},"end":{"line":52,"column":3}},"23":{"start":{"line":49,"column":4},"end":{"line":49,"column":35}},"24":{"start":{"line":50,"column":9},"end":{"line":52,"column":3}},"25":{"start":{"line":51,"column":4},"end":{"line":51,"column":36}},"26":{"start":{"line":54,"column":2},"end":{"line":60,"column":77}},"27":{"start":{"line":59,"column":19},"end":{"line":59,"column":34}},"28":{"start":{"line":60,"column":17},"end":{"line":60,"column":75}},"29":{"start":{"line":65,"column":38},"end":{"line":85,"column":1}},"30":{"start":{"line":66,"column":19},"end":{"line":66,"column":21}},"31":{"start":{"line":67,"column":2},"end":{"line":71,"column":3}},"32":{"start":{"line":68,"column":4},"end":{"line":68,"column":39}},"33":{"start":{"line":69,"column":9},"end":{"line":71,"column":3}},"34":{"start":{"line":70,"column":4},"end":{"line":70,"column":40}},"35":{"start":{"line":73,"column":2},"end":{"line":84,"column":77}},"36":{"start":{"line":76,"column":22},"end":{"line":76,"column":49}},"37":{"start":{"line":76,"column":40},"end":{"line":76,"column":48}},"38":{"start":{"line":78,"column":6},"end":{"line":82,"column":46}},"39":{"start":{"line":82,"column":26},"end":{"line":82,"column":44}},"40":{"start":{"line":84,"column":17},"end":{"line":84,"column":75}}},"fnMap":{"0":{"name":"(anonymous_0)","decl":{"start":{"line":7,"column":24},"end":{"line":7,"column":25}},"loc":{"start":{"line":7,"column":44},"end":{"line":42,"column":1}},"line":7},"1":{"name":"(anonymous_1)","decl":{"start":{"line":45,"column":30},"end":{"line":45,"column":31}},"loc":{"start":{"line":45,"column":50},"end":{"line":61,"column":1}},"line":45},"2":{"name":"(anonymous_2)","decl":{"start":{"line":59,"column":10},"end":{"line":59,"column":11}},"loc":{"start":{"line":59,"column":19},"end":{"line":59,"column":34}},"line":59},"3":{"name":"(anonymous_3)","decl":{"start":{"line":60,"column":11},"end":{"line":60,"column":12}},"loc":{"start":{"line":60,"column":17},"end":{"line":60,"column":75}},"line":60},"4":{"name":"(anonymous_4)","decl":{"start":{"line":65,"column":38},"end":{"line":65,"column":39}},"loc":{"start":{"line":65,"column":58},"end":{"line":85,"column":1}},"line":65},"5":{"name":"(anonymous_5)","decl":{"start":{"line":75,"column":10},"end":{"line":75,"column":11}},"loc":{"start":{"line":75,"column":19},"end":{"line":83,"column":5}},"line":75},"6":{"name":"(anonymous_6)","decl":{"start":{"line":76,"column":32},"end":{"line":76,"column":33}},"loc":{"start":{"line":76,"column":40},"end":{"line":76,"column":48}},"line":76},"7":{"name":"(anonymous_7)","decl":{"start":{"line":82,"column":14},"end":{"line":82,"column":15}},"loc":{"start":{"line":82,"column":26},"end":{"line":82,"column":44}},"line":82},"8":{"name":"(anonymous_8)","decl":{"start":{"line":84,"column":11},"end":{"line":84,"column":12}},"loc":{"start":{"line":84,"column":17},"end":{"line":84,"column":75}},"line":84}},"branchMap":{"0":{"loc":{"start":{"line":14,"column":4},"end":{"line":23,"column":5}},"type":"if","locations":[{"start":{"line":14,"column":4},"end":{"line":23,"column":5}},{"start":{"line":19,"column":11},"end":{"line":23,"column":5}}],"line":14},"1":{"loc":{"start":{"line":19,"column":11},"end":{"line":23,"column":5}},"type":"if","locations":[{"start":{"line":19,"column":11},"end":{"line":23,"column":5}},{"start":{},"end":{}}],"line":19},"2":{"loc":{"start":{"line":48,"column":2},"end":{"line":52,"column":3}},"type":"if","locations":[{"start":{"line":48,"column":2},"end":{"line":52,"column":3}},{"start":{"line":50,"column":9},"end":{"line":52,"column":3}}],"line":48},"3":{"loc":{"start":{"line":50,"column":9},"end":{"line":52,"column":3}},"type":"if","locations":[{"start":{"line":50,"column":9},"end":{"line":52,"column":3}},{"start":{},"end":{}}],"line":50},"4":{"loc":{"start":{"line":67,"column":2},"end":{"line":71,"column":3}},"type":"if","locations":[{"start":{"line":67,"column":2},"end":{"line":71,"column":3}},{"start":{"line":69,"column":9},"end":{"line":71,"column":3}}],"line":67},"5":{"loc":{"start":{"line":69,"column":9},"end":{"line":71,"column":3}},"type":"if","locations":[{"start":{"line":69,"column":9},"end":{"line":71,"column":3}},{"start":{},"end":{}}],"line":69}},"s":{"0":1,"1":5,"2":5,"3":5,"4":5,"5":5,"6":3,"7":3,"8":3,"9":2,"10":1,"11":1,"12":1,"13":5,"14":4,"15":4,"16":4,"17":4,"18":4,"19":1,"20":1,"21":4,"22":4,"23":2,"24":2,"25":1,"26":4,"27":3,"28":1,"29":1,"30":5,"31":5,"32":3,"33":2,"34":1,"35":5,"36":4,"37":6,"38":4,"39":4,"40":1},"f":{"0":5,"1":4,"2":3,"3":1,"4":5,"5":4,"6":6,"7":4,"8":1},"b":{"0":[3,2],"1":[1,1],"2":[2,2],"3":[1,1],"4":[3,2],"5":[1,1]},"inputSourceMap":null,"_coverageSchema":"1a1c01bbd47fc00a2c39e90264f33305004495a9","hash":"c12800dec6df375a94c4a681ad8edfebbb944111"}
,"C:\\varshini\\TruckFleetManagement\\TFM_Backend\\controllers\\driveSessionController.js": {"path":"C:\\varshini\\TruckFleetManagement\\TFM_Backend\\controllers\\driveSessionController.js","statementMap":{"0":{"start":{"line":15,"column":2},"end":{"line":15,"column":57}},"1":{"start":{"line":19,"column":2},"end":{"line":19,"column":57}},"2":{"start":{"line":143,"column":43},"end":{"line":268,"column":1}},"3":{"start":{"line":144,"column":2},"end":{"line":267,"column":3}},"4":{"start":{"line":145,"column":27},"end":{"line":145,"column":37}},"5":{"start":{"line":146,"column":26},"end":{"line":146,"column":34}},"6":{"start":{"line":148,"column":20},"end":{"line":148,"column":59}},"7":{"start":{"line":149,"column":4},"end":{"line":149,"column":73}},"8":{"start":{"line":149,"column":18},"end":{"line":149,"column":73}},"9":{"start":{"line":150,"column":4},"end":{"line":150,"column":79}},"10":{"start":{"line":150,"column":26},"end":{"line":150,"column":79}},"11":{"start":{"line":152,"column":16},"end":{"line":152,"column":26}},"12":{"start":{"line":153,"column":4},"end":{"line":153,"column":27}},"13":{"start":{"line":156,"column":21},"end":{"line":156,"column":63}},"14":{"start":{"line":158,"column":4},"end":{"line":158,"column":57}},"15":{"start":{"line":160,"column":17},"end":{"line":160,"column":53}},"16":{"start":{"line":161,"column":18},"end":{"line":161,"column":53}},"17":{"start":{"line":163,"column":20},"end":{"line":163,"column":45}},"18":{"start":{"line":165,"column":21},"end":{"line":165,"column":43}},"19":{"start":{"line":167,"column":24},"end":{"line":170,"column":34}},"20":{"start":{"line":172,"column":4},"end":{"line":174,"column":5}},"21":{"start":{"line":173,"column":6},"end":{"line":173,"column":48}},"22":{"start":{"line":176,"column":22},"end":{"line":179,"column":29}},"23":{"start":{"line":181,"column":4},"end":{"line":183,"column":5}},"24":{"start":{"line":182,"column":6},"end":{"line":182,"column":39}},"25":{"start":{"line":185,"column":31},"end":{"line":188,"column":6}},"26":{"start":{"line":190,"column":27},"end":{"line":193,"column":5}},"27":{"start":{"line":191,"column":18},"end":{"line":191,"column":43}},"28":{"start":{"line":195,"column":4},"end":{"line":195,"column":33}},"29":{"start":{"line":198,"column":4},"end":{"line":202,"column":5}},"30":{"start":{"line":199,"column":6},"end":{"line":201,"column":3}},"31":{"start":{"line":204,"column":20},"end":{"line":204,"column":42}},"32":{"start":{"line":205,"column":4},"end":{"line":205,"column":37}},"33":{"start":{"line":205,"column":23},"end":{"line":205,"column":37}},"34":{"start":{"line":207,"column":21},"end":{"line":207,"column":40}},"35":{"start":{"line":208,"column":4},"end":{"line":208,"column":39}},"36":{"start":{"line":208,"column":24},"end":{"line":208,"column":39}},"37":{"start":{"line":210,"column":26},"end":{"line":213,"column":6}},"38":{"start":{"line":214,"column":22},"end":{"line":214,"column":71}},"39":{"start":{"line":216,"column":4},"end":{"line":218,"column":5}},"40":{"start":{"line":217,"column":6},"end":{"line":217,"column":58}},"41":{"start":{"line":220,"column":4},"end":{"line":220,"column":53}},"42":{"start":{"line":221,"column":4},"end":{"line":221,"column":55}},"43":{"start":{"line":222,"column":4},"end":{"line":222,"column":34}},"44":{"start":{"line":223,"column":4},"end":{"line":223,"column":25}},"45":{"start":{"line":225,"column":17},"end":{"line":229,"column":6}},"46":{"start":{"line":231,"column":4},"end":{"line":231,"column":22}},"47":{"start":{"line":239,"column":4},"end":{"line":244,"column":6}},"48":{"start":{"line":246,"column":23},"end":{"line":246,"column":69}},"49":{"start":{"line":247,"column":4},"end":{"line":252,"column":6}},"50":{"start":{"line":254,"column":4},"end":{"line":264,"column":7}},"51":{"start":{"line":266,"column":4},"end":{"line":266,"column":63}},"52":{"start":{"line":273,"column":33},"end":{"line":288,"column":1}},"53":{"start":{"line":274,"column":21},"end":{"line":274,"column":31}},"54":{"start":{"line":276,"column":15},"end":{"line":276,"column":42}},"55":{"start":{"line":277,"column":2},"end":{"line":277,"column":59}},"56":{"start":{"line":277,"column":13},"end":{"line":277,"column":59}},"57":{"start":{"line":279,"column":2},"end":{"line":284,"column":3}},"58":{"start":{"line":283,"column":4},"end":{"line":283,"column":49}},"59":{"start":{"line":286,"column":19},"end":{"line":286,"column":63}},"60":{"start":{"line":287,"column":2},"end":{"line":287,"column":21}}},"fnMap":{"0":{"name":"getMinutesBetween","decl":{"start":{"line":14,"column":9},"end":{"line":14,"column":26}},"loc":{"start":{"line":14,"column":39},"end":{"line":16,"column":1}},"line":14},"1":{"name":"sendViolationNotification","decl":{"start":{"line":18,"column":15},"end":{"line":18,"column":40}},"loc":{"start":{"line":18,"column":58},"end":{"line":24,"column":1}},"line":18},"2":{"name":"(anonymous_2)","decl":{"start":{"line":143,"column":43},"end":{"line":143,"column":44}},"loc":{"start":{"line":143,"column":63},"end":{"line":268,"column":1}},"line":143},"3":{"name":"(anonymous_3)","decl":{"start":{"line":191,"column":6},"end":{"line":191,"column":7}},"loc":{"start":{"line":191,"column":18},"end":{"line":191,"column":43}},"line":191},"4":{"name":"(anonymous_4)","decl":{"start":{"line":273,"column":33},"end":{"line":273,"column":34}},"loc":{"start":{"line":273,"column":53},"end":{"line":288,"column":1}},"line":273}},"branchMap":{"0":{"loc":{"start":{"line":149,"column":4},"end":{"line":149,"column":73}},"type":"if","locations":[{"start":{"line":149,"column":4},"end":{"line":149,"column":73}},{"start":{},"end":{}}],"line":149},"1":{"loc":{"start":{"line":150,"column":4},"end":{"line":150,"column":79}},"type":"if","locations":[{"start":{"line":150,"column":4},"end":{"line":150,"column":79}},{"start":{},"end":{}}],"line":150},"2":{"loc":{"start":{"line":163,"column":20},"end":{"line":163,"column":45}},"type":"binary-expr","locations":[{"start":{"line":163,"column":20},"end":{"line":163,"column":40}},{"start":{"line":163,"column":44},"end":{"line":163,"column":45}}],"line":163},"3":{"loc":{"start":{"line":165,"column":21},"end":{"line":165,"column":43}},"type":"binary-expr","locations":[{"start":{"line":165,"column":21},"end":{"line":165,"column":36}},{"start":{"line":165,"column":40},"end":{"line":165,"column":43}}],"line":165},"4":{"loc":{"start":{"line":172,"column":4},"end":{"line":174,"column":5}},"type":"if","locations":[{"start":{"line":172,"column":4},"end":{"line":174,"column":5}},{"start":{},"end":{}}],"line":172},"5":{"loc":{"start":{"line":172,"column":8},"end":{"line":172,"column":71}},"type":"binary-expr","locations":[{"start":{"line":172,"column":8},"end":{"line":172,"column":19}},{"start":{"line":172,"column":23},"end":{"line":172,"column":71}}],"line":172},"6":{"loc":{"start":{"line":181,"column":4},"end":{"line":183,"column":5}},"type":"if","locations":[{"start":{"line":181,"column":4},"end":{"line":183,"column":5}},{"start":{},"end":{}}],"line":181},"7":{"loc":{"start":{"line":181,"column":8},"end":{"line":181,"column":60}},"type":"binary-expr","locations":[{"start":{"line":181,"column":8},"end":{"line":181,"column":17}},{"start":{"line":181,"column":21},"end":{"line":181,"column":60}}],"line":181},"8":{"loc":{"start":{"line":191,"column":25},"end":{"line":191,"column":42}},"type":"binary-expr","locations":[{"start":{"line":191,"column":25},"end":{"line":191,"column":37}},{"start":{"line":191,"column":41},"end":{"line":191,"column":42}}],"line":191},"9":{"loc":{"start":{"line":198,"column":4},"end":{"line":202,"column":5}},"type":"if","locations":[{"start":{"line":198,"column":4},"end":{"line":202,"column":5}},{"start":{},"end":{}}],"line":198},"10":{"loc":{"start":{"line":205,"column":4},"end":{"line":205,"column":37}},"type":"if","locations":[{"start":{"line":205,"column":4},"end":{"line":205,"column":37}},{"start":{},"end":{}}],"line":205},"11":{"loc":{"start":{"line":208,"column":4},"end":{"line":208,"column":39}},"type":"if","locations":[{"start":{"line":208,"column":4},"end":{"line":208,"column":39}},{"start":{},"end":{}}],"line":208},"12":{"loc":{"start":{"line":214,"column":22},"end":{"line":214,"column":71}},"type":"cond-expr","locations":[{"start":{"line":214,"column":45},"end":{"line":214,"column":67}},{"start":{"line":214,"column":70},"end":{"line":214,"column":71}}],"line":214},"13":{"loc":{"start":{"line":216,"column":4},"end":{"line":218,"column":5}},"type":"if","locations":[{"start":{"line":216,"column":4},"end":{"line":218,"column":5}},{"start":{},"end":{}}],"line":216},"14":{"loc":{"start":{"line":246,"column":23},"end":{"line":246,"column":69}},"type":"binary-expr","locations":[{"start":{"line":246,"column":23},"end":{"line":246,"column":49}},{"start":{"line":246,"column":53},"end":{"line":246,"column":69}}],"line":246},"15":{"loc":{"start":{"line":277,"column":2},"end":{"line":277,"column":59}},"type":"if","locations":[{"start":{"line":277,"column":2},"end":{"line":277,"column":59}},{"start":{},"end":{}}],"line":277},"16":{"loc":{"start":{"line":279,"column":2},"end":{"line":284,"column":3}},"type":"if","locations":[{"start":{"line":279,"column":2},"end":{"line":284,"column":3}},{"start":{},"end":{}}],"line":279},"17":{"loc":{"start":{"line":280,"column":4},"end":{"line":281,"column":57}},"type":"binary-expr","locations":[{"start":{"line":280,"column":4},"end":{"line":280,"column":30}},{"start":{"line":281,"column":4},"end":{"line":281,"column":57}}],"line":280}},"s":{"0":1,"1":0,"2":1,"3":4,"4":4,"5":4,"6":4,"7":3,"8":1,"9":2,"10":1,"11":1,"12":1,"13":1,"14":1,"15":1,"16":1,"17":1,"18":1,"19":1,"20":1,"21":0,"22":1,"23":1,"24":0,"25":1,"26":1,"27":0,"28":1,"29":1,"30":0,"31":1,"32":1,"33":0,"34":1,"35":1,"36":0,"37":1,"38":1,"39":1,"40":0,"41":1,"42":1,"43":1,"44":1,"45":1,"46":1,"47":1,"48":1,"49":1,"50":1,"51":1,"52":1,"53":4,"54":4,"55":4,"56":1,"57":3,"58":1,"59":2,"60":2},"f":{"0":1,"1":0,"2":4,"3":0,"4":4},"b":{"0":[1,2],"1":[1,1],"2":[1,0],"3":[1,0],"4":[0,1],"5":[1,0],"6":[0,1],"7":[1,0],"8":[0,0],"9":[0,1],"10":[0,1],"11":[0,1],"12":[0,1],"13":[0,1],"14":[1,0],"15":[1,3],"16":[1,2],"17":[3,2]},"inputSourceMap":null,"_coverageSchema":"1a1c01bbd47fc00a2c39e90264f33305004495a9","hash":"d703d78f98d665c8b9578cd8ecea4f152f4a61f0"}
,"C:\\varshini\\TruckFleetManagement\\TFM_Backend\\controllers\\inviteController.js": {"path":"C:\\varshini\\TruckFleetManagement\\TFM_Backend\\controllers\\inviteController.js","statementMap":{"0":{"start":{"line":6,"column":31},"end":{"line":51,"column":1}},"1":{"start":{"line":7,"column":2},"end":{"line":50,"column":3}},"2":{"start":{"line":8,"column":22},"end":{"line":8,"column":30}},"3":{"start":{"line":10,"column":4},"end":{"line":10,"column":73}},"4":{"start":{"line":10,"column":16},"end":{"line":10,"column":73}},"5":{"start":{"line":15,"column":28},"end":{"line":15,"column":47}},"6":{"start":{"line":18,"column":25},"end":{"line":18,"column":71}},"7":{"start":{"line":19,"column":4},"end":{"line":21,"column":5}},"8":{"start":{"line":20,"column":6},"end":{"line":20,"column":78}},"9":{"start":{"line":24,"column":18},"end":{"line":24,"column":56}},"10":{"start":{"line":25,"column":22},"end":{"line":25,"column":63}},"11":{"start":{"line":28,"column":19},"end":{"line":33,"column":6}},"12":{"start":{"line":35,"column":4},"end":{"line":35,"column":24}},"13":{"start":{"line":38,"column":17},"end":{"line":38,"column":71}},"14":{"start":{"line":39,"column":20},"end":{"line":39,"column":48}},"15":{"start":{"line":40,"column":20},"end":{"line":40,"column":124}},"16":{"start":{"line":42,"column":4},"end":{"line":42,"column":45}},"17":{"start":{"line":44,"column":4},"end":{"line":44,"column":61}},"18":{"start":{"line":46,"column":4},"end":{"line":49,"column":7}},"19":{"start":{"line":53,"column":33},"end":{"line":67,"column":1}},"20":{"start":{"line":54,"column":2},"end":{"line":66,"column":3}},"21":{"start":{"line":55,"column":22},"end":{"line":55,"column":30}},"22":{"start":{"line":56,"column":4},"end":{"line":56,"column":78}},"23":{"start":{"line":56,"column":16},"end":{"line":56,"column":78}},"24":{"start":{"line":58,"column":21},"end":{"line":58,"column":72}},"25":{"start":{"line":59,"column":4},"end":{"line":61,"column":5}},"26":{"start":{"line":60,"column":6},"end":{"line":60,"column":75}},"27":{"start":{"line":63,"column":4},"end":{"line":63,"column":53}},"28":{"start":{"line":65,"column":4},"end":{"line":65,"column":54}}},"fnMap":{"0":{"name":"(anonymous_0)","decl":{"start":{"line":6,"column":31},"end":{"line":6,"column":32}},"loc":{"start":{"line":6,"column":51},"end":{"line":51,"column":1}},"line":6},"1":{"name":"(anonymous_1)","decl":{"start":{"line":53,"column":33},"end":{"line":53,"column":34}},"loc":{"start":{"line":53,"column":53},"end":{"line":67,"column":1}},"line":53}},"branchMap":{"0":{"loc":{"start":{"line":10,"column":4},"end":{"line":10,"column":73}},"type":"if","locations":[{"start":{"line":10,"column":4},"end":{"line":10,"column":73}},{"start":{},"end":{}}],"line":10},"1":{"loc":{"start":{"line":19,"column":4},"end":{"line":21,"column":5}},"type":"if","locations":[{"start":{"line":19,"column":4},"end":{"line":21,"column":5}},{"start":{},"end":{}}],"line":19},"2":{"loc":{"start":{"line":56,"column":4},"end":{"line":56,"column":78}},"type":"if","locations":[{"start":{"line":56,"column":4},"end":{"line":56,"column":78}},{"start":{},"end":{}}],"line":56},"3":{"loc":{"start":{"line":59,"column":4},"end":{"line":61,"column":5}},"type":"if","locations":[{"start":{"line":59,"column":4},"end":{"line":61,"column":5}},{"start":{},"end":{}}],"line":59},"4":{"loc":{"start":{"line":59,"column":8},"end":{"line":59,"column":52}},"type":"binary-expr","locations":[{"start":{"line":59,"column":8},"end":{"line":59,"column":17}},{"start":{"line":59,"column":21},"end":{"line":59,"column":52}}],"line":59}},"s":{"0":1,"1":4,"2":4,"3":4,"4":1,"5":3,"6":3,"7":2,"8":1,"9":1,"10":1,"11":1,"12":1,"13":1,"14":1,"15":1,"16":1,"17":1,"18":1,"19":1,"20":6,"21":6,"22":6,"23":1,"24":5,"25":4,"26":3,"27":1,"28":1},"f":{"0":4,"1":6},"b":{"0":[1,3],"1":[1,1],"2":[1,5],"3":[3,1],"4":[4,2]},"inputSourceMap":null,"_coverageSchema":"1a1c01bbd47fc00a2c39e90264f33305004495a9","hash":"2ecafde0f80fa39c8b808640bf8e22bdda45bc05"}
,"C:\\varshini\\TruckFleetManagement\\TFM_Backend\\controllers\\notificationController.js": {"path":"C:\\varshini\\TruckFleetManagement\\TFM_Backend\\controllers\\notificationController.js","statementMap":{"0":{"start":{"line":4,"column":34},"end":{"line":15,"column":1}},"1":{"start":{"line":5,"column":2},"end":{"line":14,"column":3}},"2":{"start":{"line":6,"column":26},"end":{"line":10,"column":13}},"3":{"start":{"line":11,"column":4},"end":{"line":11,"column":28}},"4":{"start":{"line":13,"column":4},"end":{"line":13,"column":50}},"5":{"start":{"line":18,"column":26},"end":{"line":37,"column":1}},"6":{"start":{"line":19,"column":2},"end":{"line":36,"column":3}},"7":{"start":{"line":20,"column":25},"end":{"line":27,"column":5}},"8":{"start":{"line":29,"column":4},"end":{"line":31,"column":5}},"9":{"start":{"line":30,"column":6},"end":{"line":30,"column":73}},"10":{"start":{"line":33,"column":4},"end":{"line":33,"column":27}},"11":{"start":{"line":35,"column":4},"end":{"line":35,"column":63}},"12":{"start":{"line":40,"column":29},"end":{"line":54,"column":1}},"13":{"start":{"line":41,"column":2},"end":{"line":53,"column":3}},"14":{"start":{"line":42,"column":4},"end":{"line":48,"column":6}},"15":{"start":{"line":50,"column":4},"end":{"line":50,"column":77}},"16":{"start":{"line":52,"column":4},"end":{"line":52,"column":63}},"17":{"start":{"line":57,"column":34},"end":{"line":73,"column":1}},"18":{"start":{"line":58,"column":2},"end":{"line":72,"column":3}},"19":{"start":{"line":59,"column":25},"end":{"line":62,"column":6}},"20":{"start":{"line":64,"column":4},"end":{"line":66,"column":5}},"21":{"start":{"line":65,"column":6},"end":{"line":65,"column":73}},"22":{"start":{"line":68,"column":4},"end":{"line":68,"column":32}},"23":{"start":{"line":71,"column":4},"end":{"line":71,"column":63}}},"fnMap":{"0":{"name":"(anonymous_0)","decl":{"start":{"line":4,"column":34},"end":{"line":4,"column":35}},"loc":{"start":{"line":4,"column":54},"end":{"line":15,"column":1}},"line":4},"1":{"name":"(anonymous_1)","decl":{"start":{"line":18,"column":26},"end":{"line":18,"column":27}},"loc":{"start":{"line":18,"column":46},"end":{"line":37,"column":1}},"line":18},"2":{"name":"(anonymous_2)","decl":{"start":{"line":40,"column":29},"end":{"line":40,"column":30}},"loc":{"start":{"line":40,"column":49},"end":{"line":54,"column":1}},"line":40},"3":{"name":"(anonymous_3)","decl":{"start":{"line":57,"column":34},"end":{"line":57,"column":35}},"loc":{"start":{"line":57,"column":54},"end":{"line":73,"column":1}},"line":57}},"branchMap":{"0":{"loc":{"start":{"line":29,"column":4},"end":{"line":31,"column":5}},"type":"if","locations":[{"start":{"line":29,"column":4},"end":{"line":31,"column":5}},{"start":{},"end":{}}],"line":29},"1":{"loc":{"start":{"line":64,"column":4},"end":{"line":66,"column":5}},"type":"if","locations":[{"start":{"line":64,"column":4},"end":{"line":66,"column":5}},{"start":{},"end":{}}],"line":64}},"s":{"0":1,"1":2,"2":2,"3":1,"4":1,"5":1,"6":3,"7":3,"8":2,"9":1,"10":1,"11":1,"12":1,"13":2,"14":2,"15":1,"16":1,"17":1,"18":3,"19":3,"20":2,"21":1,"22":1,"23":1},"f":{"0":2,"1":3,"2":2,"3":3},"b":{"0":[1,1],"1":[1,1]},"inputSourceMap":null,"_coverageSchema":"1a1c01bbd47fc00a2c39e90264f33305004495a9","hash":"8346dcb6bc27877467aa9c0165e1d717f4aebd5f"}
,"C:\\varshini\\TruckFleetManagement\\TFM_Backend\\controllers\\refuelEventController.js": {"path":"C:\\varshini\\TruckFleetManagement\\TFM_Backend\\controllers\\refuelEventController.js","statementMap":{"0":{"start":{"line":7,"column":25},"end":{"line":50,"column":1}},"1":{"start":{"line":8,"column":20},"end":{"line":8,"column":66}},"2":{"start":{"line":9,"column":2},"end":{"line":9,"column":67}},"3":{"start":{"line":9,"column":13},"end":{"line":9,"column":67}},"4":{"start":{"line":12,"column":4},"end":{"line":12,"column":12}},"5":{"start":{"line":14,"column":21},"end":{"line":14,"column":45}},"6":{"start":{"line":16,"column":15},"end":{"line":16,"column":43}},"7":{"start":{"line":17,"column":2},"end":{"line":17,"column":59}},"8":{"start":{"line":17,"column":13},"end":{"line":17,"column":59}},"9":{"start":{"line":20,"column":2},"end":{"line":25,"column":3}},"10":{"start":{"line":24,"column":4},"end":{"line":24,"column":49}},"11":{"start":{"line":27,"column":22},"end":{"line":34,"column":4}},"12":{"start":{"line":36,"column":2},"end":{"line":36,"column":27}},"13":{"start":{"line":39,"column":2},"end":{"line":39,"column":69}},"14":{"start":{"line":42,"column":2},"end":{"line":47,"column":3}},"15":{"start":{"line":43,"column":4},"end":{"line":46,"column":6}},"16":{"start":{"line":49,"column":2},"end":{"line":49,"column":72}},"17":{"start":{"line":52,"column":35},"end":{"line":67,"column":1}},"18":{"start":{"line":53,"column":21},"end":{"line":53,"column":31}},"19":{"start":{"line":55,"column":15},"end":{"line":55,"column":42}},"20":{"start":{"line":56,"column":2},"end":{"line":56,"column":59}},"21":{"start":{"line":56,"column":13},"end":{"line":56,"column":59}},"22":{"start":{"line":58,"column":2},"end":{"line":63,"column":3}},"23":{"start":{"line":62,"column":4},"end":{"line":62,"column":49}},"24":{"start":{"line":65,"column":15},"end":{"line":65,"column":58}},"25":{"start":{"line":66,"column":2},"end":{"line":66,"column":17}}},"fnMap":{"0":{"name":"(anonymous_0)","decl":{"start":{"line":7,"column":25},"end":{"line":7,"column":26}},"loc":{"start":{"line":7,"column":45},"end":{"line":50,"column":1}},"line":7},"1":{"name":"(anonymous_1)","decl":{"start":{"line":52,"column":35},"end":{"line":52,"column":36}},"loc":{"start":{"line":52,"column":55},"end":{"line":67,"column":1}},"line":52}},"branchMap":{"0":{"loc":{"start":{"line":9,"column":2},"end":{"line":9,"column":67}},"type":"if","locations":[{"start":{"line":9,"column":2},"end":{"line":9,"column":67}},{"start":{},"end":{}}],"line":9},"1":{"loc":{"start":{"line":17,"column":2},"end":{"line":17,"column":59}},"type":"if","locations":[{"start":{"line":17,"column":2},"end":{"line":17,"column":59}},{"start":{},"end":{}}],"line":17},"2":{"loc":{"start":{"line":20,"column":2},"end":{"line":25,"column":3}},"type":"if","locations":[{"start":{"line":20,"column":2},"end":{"line":25,"column":3}},{"start":{},"end":{}}],"line":20},"3":{"loc":{"start":{"line":21,"column":4},"end":{"line":22,"column":57}},"type":"binary-expr","locations":[{"start":{"line":21,"column":4},"end":{"line":21,"column":30}},{"start":{"line":22,"column":4},"end":{"line":22,"column":57}}],"line":21},"4":{"loc":{"start":{"line":42,"column":2},"end":{"line":47,"column":3}},"type":"if","locations":[{"start":{"line":42,"column":2},"end":{"line":47,"column":3}},{"start":{},"end":{}}],"line":42},"5":{"loc":{"start":{"line":56,"column":2},"end":{"line":56,"column":59}},"type":"if","locations":[{"start":{"line":56,"column":2},"end":{"line":56,"column":59}},{"start":{},"end":{}}],"line":56},"6":{"loc":{"start":{"line":58,"column":2},"end":{"line":63,"column":3}},"type":"if","locations":[{"start":{"line":58,"column":2},"end":{"line":63,"column":3}},{"start":{},"end":{}}],"line":58},"7":{"loc":{"start":{"line":59,"column":4},"end":{"line":60,"column":57}},"type":"binary-expr","locations":[{"start":{"line":59,"column":4},"end":{"line":59,"column":30}},{"start":{"line":60,"column":4},"end":{"line":60,"column":57}}],"line":59}},"s":{"0":1,"1":4,"2":4,"3":1,"4":3,"5":3,"6":3,"7":3,"8":1,"9":2,"10":1,"11":1,"12":1,"13":1,"14":1,"15":1,"16":1,"17":1,"18":3,"19":3,"20":3,"21":1,"22":2,"23":1,"24":1,"25":1},"f":{"0":4,"1":3},"b":{"0":[1,3],"1":[1,2],"2":[1,1],"3":[2,2],"4":[1,0],"5":[1,2],"6":[1,1],"7":[2,2]},"inputSourceMap":null,"_coverageSchema":"1a1c01bbd47fc00a2c39e90264f33305004495a9","hash":"84cb44d8377e450f96c270d0c617a33437b38bef"}
,"C:\\varshini\\TruckFleetManagement\\TFM_Backend\\controllers\\restLogController.js": {"path":"C:\\varshini\\TruckFleetManagement\\TFM_Backend\\controllers\\restLogController.js","statementMap":{"0":{"start":{"line":6,"column":36},"end":{"line":46,"column":1}},"1":{"start":{"line":7,"column":2},"end":{"line":45,"column":3}},"2":{"start":{"line":8,"column":20},"end":{"line":8,"column":62}},"3":{"start":{"line":9,"column":4},"end":{"line":10,"column":69}},"4":{"start":{"line":10,"column":6},"end":{"line":10,"column":69}},"5":{"start":{"line":12,"column":4},"end":{"line":12,"column":39}},"6":{"start":{"line":13,"column":4},"end":{"line":22,"column":5}},"7":{"start":{"line":15,"column":29},"end":{"line":15,"column":55}},"8":{"start":{"line":16,"column":6},"end":{"line":20,"column":7}},"9":{"start":{"line":17,"column":8},"end":{"line":19,"column":11}},"10":{"start":{"line":21,"column":6},"end":{"line":21,"column":59}},"11":{"start":{"line":23,"column":4},"end":{"line":23,"column":25}},"12":{"start":{"line":25,"column":28},"end":{"line":28,"column":6}},"13":{"start":{"line":30,"column":4},"end":{"line":30,"column":76}},"14":{"start":{"line":31,"column":17},"end":{"line":31,"column":75}},"15":{"start":{"line":32,"column":4},"end":{"line":37,"column":5}},"16":{"start":{"line":33,"column":6},"end":{"line":36,"column":8}},"17":{"start":{"line":38,"column":4},"end":{"line":42,"column":7}},"18":{"start":{"line":44,"column":4},"end":{"line":44,"column":53}},"19":{"start":{"line":48,"column":33},"end":{"line":55,"column":1}},"20":{"start":{"line":49,"column":2},"end":{"line":54,"column":3}},"21":{"start":{"line":50,"column":21},"end":{"line":50,"column":71}},"22":{"start":{"line":51,"column":4},"end":{"line":51,"column":23}},"23":{"start":{"line":53,"column":4},"end":{"line":53,"column":54}}},"fnMap":{"0":{"name":"(anonymous_0)","decl":{"start":{"line":6,"column":36},"end":{"line":6,"column":37}},"loc":{"start":{"line":6,"column":56},"end":{"line":46,"column":1}},"line":6},"1":{"name":"(anonymous_1)","decl":{"start":{"line":48,"column":33},"end":{"line":48,"column":34}},"loc":{"start":{"line":48,"column":53},"end":{"line":55,"column":1}},"line":48}},"branchMap":{"0":{"loc":{"start":{"line":9,"column":4},"end":{"line":10,"column":69}},"type":"if","locations":[{"start":{"line":9,"column":4},"end":{"line":10,"column":69}},{"start":{},"end":{}}],"line":9},"1":{"loc":{"start":{"line":13,"column":4},"end":{"line":22,"column":5}},"type":"if","locations":[{"start":{"line":13,"column":4},"end":{"line":22,"column":5}},{"start":{},"end":{}}],"line":13},"2":{"loc":{"start":{"line":16,"column":6},"end":{"line":20,"column":7}},"type":"if","locations":[{"start":{"line":16,"column":6},"end":{"line":20,"column":7}},{"start":{},"end":{}}],"line":16},"3":{"loc":{"start":{"line":32,"column":4},"end":{"line":37,"column":5}},"type":"if","locations":[{"start":{"line":32,"column":4},"end":{"line":37,"column":5}},{"start":{},"end":{}}],"line":32}},"s":{"0":1,"1":4,"2":4,"3":3,"4":1,"5":2,"6":2,"7":1,"8":1,"9":0,"10":1,"11":2,"12":2,"13":2,"14":2,"15":2,"16":2,"17":2,"18":1,"19":1,"20":2,"21":2,"22":1,"23":1},"f":{"0":4,"1":2},"b":{"0":[1,2],"1":[1,1],"2":[0,1],"3":[2,0]},"inputSourceMap":null,"_coverageSchema":"1a1c01bbd47fc00a2c39e90264f33305004495a9","hash":"386d4d460291e47cf8f60f14120f8c1fcf0002a2"}
,"C:\\varshini\\TruckFleetManagement\\TFM_Backend\\controllers\\tripController.js": {"path":"C:\\varshini\\TruckFleetManagement\\TFM_Backend\\controllers\\tripController.js","statementMap":{"0":{"start":{"line":10,"column":26},"end":{"line":44,"column":1}},"1":{"start":{"line":11,"column":20},"end":{"line":11,"column":42}},"2":{"start":{"line":12,"column":2},"end":{"line":12,"column":67}},"3":{"start":{"line":12,"column":13},"end":{"line":12,"column":67}},"4":{"start":{"line":14,"column":2},"end":{"line":15,"column":64}},"5":{"start":{"line":15,"column":4},"end":{"line":15,"column":64}},"6":{"start":{"line":17,"column":15},"end":{"line":29,"column":4}},"7":{"start":{"line":31,"column":2},"end":{"line":31,"column":20}},"8":{"start":{"line":33,"column":2},"end":{"line":36,"column":4}},"9":{"start":{"line":39,"column":2},"end":{"line":42,"column":4}},"10":{"start":{"line":43,"column":2},"end":{"line":43,"column":29}},"11":{"start":{"line":47,"column":27},"end":{"line":68,"column":1}},"12":{"start":{"line":48,"column":2},"end":{"line":50,"column":3}},"13":{"start":{"line":49,"column":4},"end":{"line":49,"column":78}},"14":{"start":{"line":52,"column":22},"end":{"line":52,"column":54}},"15":{"start":{"line":54,"column":17},"end":{"line":56,"column":3}},"16":{"start":{"line":58,"column":2},"end":{"line":62,"column":3}},"17":{"start":{"line":59,"column":4},"end":{"line":59,"column":28}},"18":{"start":{"line":61,"column":4},"end":{"line":61,"column":29}},"19":{"start":{"line":64,"column":16},"end":{"line":66,"column":26}},"20":{"start":{"line":67,"column":2},"end":{"line":67,"column":18}},"21":{"start":{"line":71,"column":27},"end":{"line":90,"column":1}},"22":{"start":{"line":72,"column":15},"end":{"line":77,"column":26}},"23":{"start":{"line":78,"column":2},"end":{"line":78,"column":59}},"24":{"start":{"line":78,"column":13},"end":{"line":78,"column":59}},"25":{"start":{"line":79,"column":22},"end":{"line":79,"column":68}},"26":{"start":{"line":80,"column":25},"end":{"line":83,"column":3}},"27":{"start":{"line":81,"column":16},"end":{"line":81,"column":52}},"28":{"start":{"line":84,"column":31},"end":{"line":84,"column":74}},"29":{"start":{"line":86,"column":2},"end":{"line":89,"column":5}},"30":{"start":{"line":93,"column":25},"end":{"line":123,"column":1}},"31":{"start":{"line":94,"column":15},"end":{"line":94,"column":49}},"32":{"start":{"line":95,"column":2},"end":{"line":95,"column":59}},"33":{"start":{"line":95,"column":13},"end":{"line":95,"column":59}},"34":{"start":{"line":97,"column":2},"end":{"line":101,"column":3}},"35":{"start":{"line":98,"column":4},"end":{"line":100,"column":72}},"36":{"start":{"line":102,"column":14},"end":{"line":102,"column":24}},"37":{"start":{"line":103,"column":2},"end":{"line":103,"column":26}},"38":{"start":{"line":104,"column":2},"end":{"line":104,"column":24}},"39":{"start":{"line":105,"column":2},"end":{"line":105,"column":20}},"40":{"start":{"line":107,"column":23},"end":{"line":110,"column":4}},"41":{"start":{"line":111,"column":2},"end":{"line":111,"column":28}},"42":{"start":{"line":113,"column":2},"end":{"line":116,"column":4}},"43":{"start":{"line":117,"column":2},"end":{"line":120,"column":4}},"44":{"start":{"line":122,"column":2},"end":{"line":122,"column":60}},"45":{"start":{"line":125,"column":28},"end":{"line":263,"column":1}},"46":{"start":{"line":126,"column":2},"end":{"line":262,"column":3}},"47":{"start":{"line":127,"column":26},"end":{"line":127,"column":34}},"48":{"start":{"line":128,"column":4},"end":{"line":132,"column":5}},"49":{"start":{"line":129,"column":6},"end":{"line":131,"column":73}},"50":{"start":{"line":134,"column":17},"end":{"line":134,"column":51}},"51":{"start":{"line":135,"column":4},"end":{"line":137,"column":5}},"52":{"start":{"line":136,"column":6},"end":{"line":136,"column":65}},"53":{"start":{"line":138,"column":4},"end":{"line":140,"column":5}},"54":{"start":{"line":139,"column":6},"end":{"line":139,"column":76}},"55":{"start":{"line":142,"column":16},"end":{"line":142,"column":26}},"56":{"start":{"line":145,"column":22},"end":{"line":148,"column":6}},"57":{"start":{"line":155,"column":4},"end":{"line":225,"column":5}},"58":{"start":{"line":156,"column":6},"end":{"line":156,"column":31}},"59":{"start":{"line":158,"column":20},"end":{"line":158,"column":55}},"60":{"start":{"line":159,"column":22},"end":{"line":159,"column":48}},"61":{"start":{"line":161,"column":23},"end":{"line":161,"column":45}},"62":{"start":{"line":163,"column":26},"end":{"line":166,"column":36}},"63":{"start":{"line":168,"column":6},"end":{"line":170,"column":7}},"64":{"start":{"line":169,"column":8},"end":{"line":169,"column":50}},"65":{"start":{"line":172,"column":24},"end":{"line":175,"column":31}},"66":{"start":{"line":182,"column":33},"end":{"line":185,"column":8}},"67":{"start":{"line":187,"column":29},"end":{"line":190,"column":7}},"68":{"start":{"line":188,"column":20},"end":{"line":188,"column":45}},"69":{"start":{"line":192,"column":6},"end":{"line":192,"column":35}},"70":{"start":{"line":195,"column":6},"end":{"line":201,"column":7}},"71":{"start":{"line":196,"column":8},"end":{"line":200,"column":11}},"72":{"start":{"line":204,"column":22},"end":{"line":204,"column":44}},"73":{"start":{"line":205,"column":6},"end":{"line":205,"column":39}},"74":{"start":{"line":205,"column":25},"end":{"line":205,"column":39}},"75":{"start":{"line":207,"column":23},"end":{"line":207,"column":42}},"76":{"start":{"line":208,"column":6},"end":{"line":208,"column":41}},"77":{"start":{"line":208,"column":26},"end":{"line":208,"column":41}},"78":{"start":{"line":211,"column":28},"end":{"line":214,"column":8}},"79":{"start":{"line":215,"column":24},"end":{"line":215,"column":73}},"80":{"start":{"line":217,"column":6},"end":{"line":219,"column":7}},"81":{"start":{"line":218,"column":8},"end":{"line":218,"column":60}},"82":{"start":{"line":221,"column":6},"end":{"line":221,"column":57}},"83":{"start":{"line":222,"column":6},"end":{"line":222,"column":59}},"84":{"start":{"line":224,"column":6},"end":{"line":224,"column":29}},"85":{"start":{"line":228,"column":21},"end":{"line":231,"column":6}},"86":{"start":{"line":232,"column":4},"end":{"line":236,"column":5}},"87":{"start":{"line":233,"column":6},"end":{"line":233,"column":35}},"88":{"start":{"line":234,"column":6},"end":{"line":234,"column":44}},"89":{"start":{"line":235,"column":6},"end":{"line":235,"column":28}},"90":{"start":{"line":239,"column":4},"end":{"line":239,"column":30}},"91":{"start":{"line":240,"column":4},"end":{"line":240,"column":29}},"92":{"start":{"line":241,"column":4},"end":{"line":241,"column":30}},"93":{"start":{"line":242,"column":4},"end":{"line":242,"column":22}},"94":{"start":{"line":245,"column":4},"end":{"line":245,"column":79}},"95":{"start":{"line":248,"column":4},"end":{"line":251,"column":6}},"96":{"start":{"line":253,"column":4},"end":{"line":258,"column":7}},"97":{"start":{"line":260,"column":4},"end":{"line":260,"column":48}},"98":{"start":{"line":261,"column":4},"end":{"line":261,"column":53}},"99":{"start":{"line":266,"column":26},"end":{"line":305,"column":1}},"100":{"start":{"line":267,"column":2},"end":{"line":304,"column":3}},"101":{"start":{"line":268,"column":17},"end":{"line":268,"column":51}},"102":{"start":{"line":269,"column":4},"end":{"line":269,"column":61}},"103":{"start":{"line":269,"column":15},"end":{"line":269,"column":61}},"104":{"start":{"line":271,"column":4},"end":{"line":275,"column":5}},"105":{"start":{"line":272,"column":6},"end":{"line":274,"column":62}},"106":{"start":{"line":278,"column":4},"end":{"line":280,"column":5}},"107":{"start":{"line":279,"column":6},"end":{"line":279,"column":66}},"108":{"start":{"line":283,"column":27},"end":{"line":291,"column":5}},"109":{"start":{"line":293,"column":4},"end":{"line":297,"column":7}},"110":{"start":{"line":294,"column":6},"end":{"line":296,"column":7}},"111":{"start":{"line":295,"column":8},"end":{"line":295,"column":38}},"112":{"start":{"line":299,"column":4},"end":{"line":299,"column":22}},"113":{"start":{"line":301,"column":4},"end":{"line":301,"column":73}},"114":{"start":{"line":303,"column":4},"end":{"line":303,"column":53}},"115":{"start":{"line":309,"column":26},"end":{"line":317,"column":1}},"116":{"start":{"line":310,"column":15},"end":{"line":310,"column":49}},"117":{"start":{"line":311,"column":2},"end":{"line":311,"column":59}},"118":{"start":{"line":311,"column":13},"end":{"line":311,"column":59}},"119":{"start":{"line":313,"column":2},"end":{"line":313,"column":24}},"120":{"start":{"line":314,"column":2},"end":{"line":314,"column":20}},"121":{"start":{"line":316,"column":2},"end":{"line":316,"column":45}},"122":{"start":{"line":320,"column":27},"end":{"line":330,"column":1}},"123":{"start":{"line":321,"column":15},"end":{"line":321,"column":49}},"124":{"start":{"line":322,"column":2},"end":{"line":322,"column":59}},"125":{"start":{"line":322,"column":13},"end":{"line":322,"column":59}},"126":{"start":{"line":324,"column":2},"end":{"line":324,"column":75}},"127":{"start":{"line":324,"column":23},"end":{"line":324,"column":75}},"128":{"start":{"line":326,"column":2},"end":{"line":326,"column":25}},"129":{"start":{"line":327,"column":2},"end":{"line":327,"column":20}},"130":{"start":{"line":329,"column":2},"end":{"line":329,"column":60}},"131":{"start":{"line":333,"column":26},"end":{"line":357,"column":1}},"132":{"start":{"line":334,"column":15},"end":{"line":334,"column":49}},"133":{"start":{"line":335,"column":2},"end":{"line":335,"column":59}},"134":{"start":{"line":335,"column":13},"end":{"line":335,"column":59}},"135":{"start":{"line":337,"column":2},"end":{"line":339,"column":3}},"136":{"start":{"line":338,"column":4},"end":{"line":338,"column":72}},"137":{"start":{"line":341,"column":2},"end":{"line":343,"column":3}},"138":{"start":{"line":342,"column":4},"end":{"line":342,"column":62}},"139":{"start":{"line":345,"column":2},"end":{"line":345,"column":28}},"140":{"start":{"line":346,"column":2},"end":{"line":346,"column":20}},"141":{"start":{"line":349,"column":2},"end":{"line":349,"column":71}},"142":{"start":{"line":351,"column":2},"end":{"line":354,"column":4}},"143":{"start":{"line":356,"column":2},"end":{"line":356,"column":61}},"144":{"start":{"line":360,"column":26},"end":{"line":377,"column":1}},"145":{"start":{"line":361,"column":2},"end":{"line":363,"column":3}},"146":{"start":{"line":362,"column":4},"end":{"line":362,"column":70}},"147":{"start":{"line":365,"column":2},"end":{"line":376,"column":3}},"148":{"start":{"line":366,"column":18},"end":{"line":371,"column":28}},"149":{"start":{"line":373,"column":4},"end":{"line":373,"column":20}},"150":{"start":{"line":375,"column":4},"end":{"line":375,"column":50}}},"fnMap":{"0":{"name":"(anonymous_0)","decl":{"start":{"line":10,"column":26},"end":{"line":10,"column":27}},"loc":{"start":{"line":10,"column":46},"end":{"line":44,"column":1}},"line":10},"1":{"name":"(anonymous_1)","decl":{"start":{"line":47,"column":27},"end":{"line":47,"column":28}},"loc":{"start":{"line":47,"column":47},"end":{"line":68,"column":1}},"line":47},"2":{"name":"(anonymous_2)","decl":{"start":{"line":71,"column":27},"end":{"line":71,"column":28}},"loc":{"start":{"line":71,"column":47},"end":{"line":90,"column":1}},"line":71},"3":{"name":"(anonymous_3)","decl":{"start":{"line":81,"column":4},"end":{"line":81,"column":5}},"loc":{"start":{"line":81,"column":16},"end":{"line":81,"column":52}},"line":81},"4":{"name":"(anonymous_4)","decl":{"start":{"line":93,"column":25},"end":{"line":93,"column":26}},"loc":{"start":{"line":93,"column":45},"end":{"line":123,"column":1}},"line":93},"5":{"name":"(anonymous_5)","decl":{"start":{"line":125,"column":28},"end":{"line":125,"column":29}},"loc":{"start":{"line":125,"column":48},"end":{"line":263,"column":1}},"line":125},"6":{"name":"(anonymous_6)","decl":{"start":{"line":188,"column":8},"end":{"line":188,"column":9}},"loc":{"start":{"line":188,"column":20},"end":{"line":188,"column":45}},"line":188},"7":{"name":"(anonymous_7)","decl":{"start":{"line":266,"column":26},"end":{"line":266,"column":27}},"loc":{"start":{"line":266,"column":46},"end":{"line":305,"column":1}},"line":266},"8":{"name":"(anonymous_8)","decl":{"start":{"line":293,"column":27},"end":{"line":293,"column":28}},"loc":{"start":{"line":293,"column":38},"end":{"line":297,"column":5}},"line":293},"9":{"name":"(anonymous_9)","decl":{"start":{"line":309,"column":26},"end":{"line":309,"column":27}},"loc":{"start":{"line":309,"column":46},"end":{"line":317,"column":1}},"line":309},"10":{"name":"(anonymous_10)","decl":{"start":{"line":320,"column":27},"end":{"line":320,"column":28}},"loc":{"start":{"line":320,"column":47},"end":{"line":330,"column":1}},"line":320},"11":{"name":"(anonymous_11)","decl":{"start":{"line":333,"column":26},"end":{"line":333,"column":27}},"loc":{"start":{"line":333,"column":46},"end":{"line":357,"column":1}},"line":333},"12":{"name":"(anonymous_12)","decl":{"start":{"line":360,"column":26},"end":{"line":360,"column":27}},"loc":{"start":{"line":360,"column":46},"end":{"line":377,"column":1}},"line":360}},"branchMap":{"0":{"loc":{"start":{"line":12,"column":2},"end":{"line":12,"column":67}},"type":"if","locations":[{"start":{"line":12,"column":2},"end":{"line":12,"column":67}},{"start":{},"end":{}}],"line":12},"1":{"loc":{"start":{"line":14,"column":2},"end":{"line":15,"column":64}},"type":"if","locations":[{"start":{"line":14,"column":2},"end":{"line":15,"column":64}},{"start":{},"end":{}}],"line":14},"2":{"loc":{"start":{"line":48,"column":2},"end":{"line":50,"column":3}},"type":"if","locations":[{"start":{"line":48,"column":2},"end":{"line":50,"column":3}},{"start":{},"end":{}}],"line":48},"3":{"loc":{"start":{"line":55,"column":8},"end":{"line":55,"column":63}},"type":"binary-expr","locations":[{"start":{"line":55,"column":8},"end":{"line":55,"column":33}},{"start":{"line":55,"column":37},"end":{"line":55,"column":63}}],"line":55},"4":{"loc":{"start":{"line":58,"column":2},"end":{"line":62,"column":3}},"type":"if","locations":[{"start":{"line":58,"column":2},"end":{"line":62,"column":3}},{"start":{"line":60,"column":9},"end":{"line":62,"column":3}}],"line":58},"5":{"loc":{"start":{"line":78,"column":2},"end":{"line":78,"column":59}},"type":"if","locations":[{"start":{"line":78,"column":2},"end":{"line":78,"column":59}},{"start":{},"end":{}}],"line":78},"6":{"loc":{"start":{"line":81,"column":31},"end":{"line":81,"column":48}},"type":"binary-expr","locations":[{"start":{"line":81,"column":31},"end":{"line":81,"column":43}},{"start":{"line":81,"column":47},"end":{"line":81,"column":48}}],"line":81},"7":{"loc":{"start":{"line":95,"column":2},"end":{"line":95,"column":59}},"type":"if","locations":[{"start":{"line":95,"column":2},"end":{"line":95,"column":59}},{"start":{},"end":{}}],"line":95},"8":{"loc":{"start":{"line":97,"column":2},"end":{"line":101,"column":3}},"type":"if","locations":[{"start":{"line":97,"column":2},"end":{"line":101,"column":3}},{"start":{},"end":{}}],"line":97},"9":{"loc":{"start":{"line":128,"column":4},"end":{"line":132,"column":5}},"type":"if","locations":[{"start":{"line":128,"column":4},"end":{"line":132,"column":5}},{"start":{},"end":{}}],"line":128},"10":{"loc":{"start":{"line":128,"column":8},"end":{"line":128,"column":53}},"type":"binary-expr","locations":[{"start":{"line":128,"column":8},"end":{"line":128,"column":31}},{"start":{"line":128,"column":35},"end":{"line":128,"column":53}}],"line":128},"11":{"loc":{"start":{"line":135,"column":4},"end":{"line":137,"column":5}},"type":"if","locations":[{"start":{"line":135,"column":4},"end":{"line":137,"column":5}},{"start":{},"end":{}}],"line":135},"12":{"loc":{"start":{"line":138,"column":4},"end":{"line":140,"column":5}},"type":"if","locations":[{"start":{"line":138,"column":4},"end":{"line":140,"column":5}},{"start":{},"end":{}}],"line":138},"13":{"loc":{"start":{"line":155,"column":4},"end":{"line":225,"column":5}},"type":"if","locations":[{"start":{"line":155,"column":4},"end":{"line":225,"column":5}},{"start":{},"end":{}}],"line":155},"14":{"loc":{"start":{"line":159,"column":22},"end":{"line":159,"column":48}},"type":"binary-expr","locations":[{"start":{"line":159,"column":22},"end":{"line":159,"column":43}},{"start":{"line":159,"column":47},"end":{"line":159,"column":48}}],"line":159},"15":{"loc":{"start":{"line":161,"column":23},"end":{"line":161,"column":45}},"type":"binary-expr","locations":[{"start":{"line":161,"column":23},"end":{"line":161,"column":38}},{"start":{"line":161,"column":42},"end":{"line":161,"column":45}}],"line":161},"16":{"loc":{"start":{"line":168,"column":6},"end":{"line":170,"column":7}},"type":"if","locations":[{"start":{"line":168,"column":6},"end":{"line":170,"column":7}},{"start":{},"end":{}}],"line":168},"17":{"loc":{"start":{"line":168,"column":10},"end":{"line":168,"column":73}},"type":"binary-expr","locations":[{"start":{"line":168,"column":10},"end":{"line":168,"column":21}},{"start":{"line":168,"column":25},"end":{"line":168,"column":73}}],"line":168},"18":{"loc":{"start":{"line":188,"column":27},"end":{"line":188,"column":44}},"type":"binary-expr","locations":[{"start":{"line":188,"column":27},"end":{"line":188,"column":39}},{"start":{"line":188,"column":43},"end":{"line":188,"column":44}}],"line":188},"19":{"loc":{"start":{"line":195,"column":6},"end":{"line":201,"column":7}},"type":"if","locations":[{"start":{"line":195,"column":6},"end":{"line":201,"column":7}},{"start":{},"end":{}}],"line":195},"20":{"loc":{"start":{"line":205,"column":6},"end":{"line":205,"column":39}},"type":"if","locations":[{"start":{"line":205,"column":6},"end":{"line":205,"column":39}},{"start":{},"end":{}}],"line":205},"21":{"loc":{"start":{"line":208,"column":6},"end":{"line":208,"column":41}},"type":"if","locations":[{"start":{"line":208,"column":6},"end":{"line":208,"column":41}},{"start":{},"end":{}}],"line":208},"22":{"loc":{"start":{"line":215,"column":24},"end":{"line":215,"column":73}},"type":"cond-expr","locations":[{"start":{"line":215,"column":47},"end":{"line":215,"column":69}},{"start":{"line":215,"column":72},"end":{"line":215,"column":73}}],"line":215},"23":{"loc":{"start":{"line":217,"column":6},"end":{"line":219,"column":7}},"type":"if","locations":[{"start":{"line":217,"column":6},"end":{"line":219,"column":7}},{"start":{},"end":{}}],"line":217},"24":{"loc":{"start":{"line":232,"column":4},"end":{"line":236,"column":5}},"type":"if","locations":[{"start":{"line":232,"column":4},"end":{"line":236,"column":5}},{"start":{},"end":{}}],"line":232},"25":{"loc":{"start":{"line":256,"column":26},"end":{"line":256,"column":43}},"type":"binary-expr","locations":[{"start":{"line":256,"column":26},"end":{"line":256,"column":35}},{"start":{"line":256,"column":39},"end":{"line":256,"column":43}}],"line":256},"26":{"loc":{"start":{"line":257,"column":21},"end":{"line":257,"column":37}},"type":"binary-expr","locations":[{"start":{"line":257,"column":21},"end":{"line":257,"column":29}},{"start":{"line":257,"column":33},"end":{"line":257,"column":37}}],"line":257},"27":{"loc":{"start":{"line":269,"column":4},"end":{"line":269,"column":61}},"type":"if","locations":[{"start":{"line":269,"column":4},"end":{"line":269,"column":61}},{"start":{},"end":{}}],"line":269},"28":{"loc":{"start":{"line":271,"column":4},"end":{"line":275,"column":5}},"type":"if","locations":[{"start":{"line":271,"column":4},"end":{"line":275,"column":5}},{"start":{},"end":{}}],"line":271},"29":{"loc":{"start":{"line":278,"column":4},"end":{"line":280,"column":5}},"type":"if","locations":[{"start":{"line":278,"column":4},"end":{"line":280,"column":5}},{"start":{},"end":{}}],"line":278},"30":{"loc":{"start":{"line":294,"column":6},"end":{"line":296,"column":7}},"type":"if","locations":[{"start":{"line":294,"column":6},"end":{"line":296,"column":7}},{"start":{},"end":{}}],"line":294},"31":{"loc":{"start":{"line":311,"column":2},"end":{"line":311,"column":59}},"type":"if","locations":[{"start":{"line":311,"column":2},"end":{"line":311,"column":59}},{"start":{},"end":{}}],"line":311},"32":{"loc":{"start":{"line":322,"column":2},"end":{"line":322,"column":59}},"type":"if","locations":[{"start":{"line":322,"column":2},"end":{"line":322,"column":59}},{"start":{},"end":{}}],"line":322},"33":{"loc":{"start":{"line":324,"column":2},"end":{"line":324,"column":75}},"type":"if","locations":[{"start":{"line":324,"column":2},"end":{"line":324,"column":75}},{"start":{},"end":{}}],"line":324},"34":{"loc":{"start":{"line":335,"column":2},"end":{"line":335,"column":59}},"type":"if","locations":[{"start":{"line":335,"column":2},"end":{"line":335,"column":59}},{"start":{},"end":{}}],"line":335},"35":{"loc":{"start":{"line":337,"column":2},"end":{"line":339,"column":3}},"type":"if","locations":[{"start":{"line":337,"column":2},"end":{"line":339,"column":3}},{"start":{},"end":{}}],"line":337},"36":{"loc":{"start":{"line":341,"column":2},"end":{"line":343,"column":3}},"type":"if","locations":[{"start":{"line":341,"column":2},"end":{"line":343,"column":3}},{"start":{},"end":{}}],"line":341},"37":{"loc":{"start":{"line":361,"column":2},"end":{"line":363,"column":3}},"type":"if","locations":[{"start":{"line":361,"column":2},"end":{"line":363,"column":3}},{"start":{},"end":{}}],"line":361}},"s":{"0":1,"1":3,"2":3,"3":1,"4":2,"5":1,"6":1,"7":1,"8":1,"9":1,"10":1,"11":1,"12":4,"13":1,"14":3,"15":3,"16":3,"17":1,"18":2,"19":3,"20":3,"21":1,"22":2,"23":2,"24":1,"25":1,"26":1,"27":2,"28":1,"29":1,"30":1,"31":3,"32":3,"33":1,"34":2,"35":1,"36":1,"37":1,"38":1,"39":1,"40":1,"41":1,"42":1,"43":1,"44":1,"45":1,"46":3,"47":3,"48":3,"49":0,"50":3,"51":3,"52":1,"53":2,"54":1,"55":1,"56":1,"57":1,"58":0,"59":0,"60":0,"61":0,"62":0,"63":0,"64":0,"65":0,"66":0,"67":0,"68":0,"69":0,"70":0,"71":0,"72":0,"73":0,"74":0,"75":0,"76":0,"77":0,"78":0,"79":0,"80":0,"81":0,"82":0,"83":0,"84":0,"85":1,"86":1,"87":0,"88":0,"89":0,"90":1,"91":1,"92":1,"93":1,"94":1,"95":1,"96":1,"97":0,"98":0,"99":1,"100":2,"101":2,"102":2,"103":1,"104":1,"105":0,"106":1,"107":0,"108":1,"109":1,"110":7,"111":3,"112":1,"113":1,"114":0,"115":1,"116":2,"117":2,"118":1,"119":1,"120":1,"121":1,"122":1,"123":2,"124":2,"125":1,"126":1,"127":0,"128":1,"129":1,"130":1,"131":1,"132":3,"133":3,"134":1,"135":2,"136":1,"137":1,"138":0,"139":1,"140":1,"141":1,"142":1,"143":1,"144":1,"145":2,"146":1,"147":1,"148":1,"149":1,"150":0},"f":{"0":3,"1":4,"2":2,"3":2,"4":3,"5":3,"6":0,"7":2,"8":7,"9":2,"10":2,"11":3,"12":2},"b":{"0":[1,2],"1":[1,1],"2":[1,3],"3":[3,2],"4":[1,2],"5":[1,1],"6":[2,0],"7":[1,2],"8":[1,1],"9":[0,3],"10":[3,3],"11":[1,2],"12":[1,1],"13":[0,1],"14":[0,0],"15":[0,0],"16":[0,0],"17":[0,0],"18":[0,0],"19":[0,0],"20":[0,0],"21":[0,0],"22":[0,0],"23":[0,0],"24":[0,1],"25":[1,1],"26":[1,1],"27":[1,1],"28":[0,1],"29":[0,1],"30":[3,4],"31":[1,1],"32":[1,1],"33":[0,1],"34":[1,2],"35":[1,1],"36":[0,1],"37":[1,1]},"inputSourceMap":null,"_coverageSchema":"1a1c01bbd47fc00a2c39e90264f33305004495a9","hash":"fa83bba7ad7262455982be684710b25c4ab22dd0"}
,"C:\\varshini\\TruckFleetManagement\\TFM_Backend\\controllers\\truckController.js": {"path":"C:\\varshini\\TruckFleetManagement\\TFM_Backend\\controllers\\truckController.js","statementMap":{"0":{"start":{"line":6,"column":2},"end":{"line":6,"column":45}},"1":{"start":{"line":10,"column":27},"end":{"line":28,"column":1}},"2":{"start":{"line":11,"column":20},"end":{"line":11,"column":43}},"3":{"start":{"line":12,"column":2},"end":{"line":12,"column":67}},"4":{"start":{"line":12,"column":13},"end":{"line":12,"column":67}},"5":{"start":{"line":14,"column":16},"end":{"line":19,"column":4}},"6":{"start":{"line":21,"column":1},"end":{"line":27,"column":3}},"7":{"start":{"line":22,"column":4},"end":{"line":22,"column":23}},"8":{"start":{"line":23,"column":4},"end":{"line":23,"column":32}},"9":{"start":{"line":26,"column":4},"end":{"line":26,"column":41}},"10":{"start":{"line":32,"column":28},"end":{"line":50,"column":1}},"11":{"start":{"line":33,"column":2},"end":{"line":49,"column":3}},"12":{"start":{"line":34,"column":4},"end":{"line":37,"column":5}},"13":{"start":{"line":35,"column":21},"end":{"line":35,"column":65}},"14":{"start":{"line":36,"column":6},"end":{"line":36,"column":30}},"15":{"start":{"line":38,"column":4},"end":{"line":41,"column":5}},"16":{"start":{"line":39,"column":21},"end":{"line":39,"column":41}},"17":{"start":{"line":40,"column":6},"end":{"line":40,"column":30}},"18":{"start":{"line":42,"column":4},"end":{"line":44,"column":5}},"19":{"start":{"line":43,"column":6},"end":{"line":43,"column":96}},"20":{"start":{"line":45,"column":4},"end":{"line":45,"column":59}},"21":{"start":{"line":48,"column":4},"end":{"line":48,"column":41}},"22":{"start":{"line":54,"column":28},"end":{"line":67,"column":1}},"23":{"start":{"line":55,"column":15},"end":{"line":55,"column":28}},"24":{"start":{"line":56,"column":2},"end":{"line":58,"column":3}},"25":{"start":{"line":57,"column":4},"end":{"line":57,"column":63}},"26":{"start":{"line":59,"column":1},"end":{"line":66,"column":3}},"27":{"start":{"line":60,"column":18},"end":{"line":60,"column":42}},"28":{"start":{"line":61,"column":4},"end":{"line":61,"column":63}},"29":{"start":{"line":61,"column":16},"end":{"line":61,"column":63}},"30":{"start":{"line":62,"column":4},"end":{"line":62,"column":20}},"31":{"start":{"line":65,"column":4},"end":{"line":65,"column":41}},"32":{"start":{"line":70,"column":27},"end":{"line":96,"column":1}},"33":{"start":{"line":71,"column":13},"end":{"line":71,"column":26}},"34":{"start":{"line":73,"column":2},"end":{"line":75,"column":3}},"35":{"start":{"line":74,"column":4},"end":{"line":74,"column":63}},"36":{"start":{"line":77,"column":20},"end":{"line":77,"column":43}},"37":{"start":{"line":78,"column":2},"end":{"line":78,"column":67}},"38":{"start":{"line":78,"column":13},"end":{"line":78,"column":67}},"39":{"start":{"line":80,"column":18},"end":{"line":84,"column":15}},"40":{"start":{"line":80,"column":69},"end":{"line":84,"column":3}},"41":{"start":{"line":86,"column":2},"end":{"line":95,"column":3}},"42":{"start":{"line":87,"column":18},"end":{"line":89,"column":6}},"43":{"start":{"line":90,"column":4},"end":{"line":90,"column":63}},"44":{"start":{"line":90,"column":16},"end":{"line":90,"column":63}},"45":{"start":{"line":91,"column":4},"end":{"line":91,"column":20}},"46":{"start":{"line":94,"column":4},"end":{"line":94,"column":41}},"47":{"start":{"line":99,"column":27},"end":{"line":114,"column":1}},"48":{"start":{"line":100,"column":13},"end":{"line":100,"column":26}},"49":{"start":{"line":102,"column":2},"end":{"line":104,"column":3}},"50":{"start":{"line":103,"column":4},"end":{"line":103,"column":63}},"51":{"start":{"line":106,"column":2},"end":{"line":113,"column":3}},"52":{"start":{"line":107,"column":18},"end":{"line":107,"column":51}},"53":{"start":{"line":108,"column":4},"end":{"line":108,"column":63}},"54":{"start":{"line":108,"column":16},"end":{"line":108,"column":63}},"55":{"start":{"line":109,"column":4},"end":{"line":109,"column":56}},"56":{"start":{"line":112,"column":4},"end":{"line":112,"column":41}}},"fnMap":{"0":{"name":"isValidObjectId","decl":{"start":{"line":5,"column":9},"end":{"line":5,"column":24}},"loc":{"start":{"line":5,"column":29},"end":{"line":7,"column":1}},"line":5},"1":{"name":"(anonymous_1)","decl":{"start":{"line":10,"column":27},"end":{"line":10,"column":28}},"loc":{"start":{"line":10,"column":47},"end":{"line":28,"column":1}},"line":10},"2":{"name":"(anonymous_2)","decl":{"start":{"line":32,"column":28},"end":{"line":32,"column":29}},"loc":{"start":{"line":32,"column":48},"end":{"line":50,"column":1}},"line":32},"3":{"name":"(anonymous_3)","decl":{"start":{"line":54,"column":28},"end":{"line":54,"column":29}},"loc":{"start":{"line":54,"column":48},"end":{"line":67,"column":1}},"line":54},"4":{"name":"(anonymous_4)","decl":{"start":{"line":70,"column":27},"end":{"line":70,"column":28}},"loc":{"start":{"line":70,"column":47},"end":{"line":96,"column":1}},"line":70},"5":{"name":"(anonymous_5)","decl":{"start":{"line":80,"column":19},"end":{"line":80,"column":20}},"loc":{"start":{"line":80,"column":69},"end":{"line":84,"column":3}},"line":80},"6":{"name":"(anonymous_6)","decl":{"start":{"line":99,"column":27},"end":{"line":99,"column":28}},"loc":{"start":{"line":99,"column":47},"end":{"line":114,"column":1}},"line":99}},"branchMap":{"0":{"loc":{"start":{"line":12,"column":2},"end":{"line":12,"column":67}},"type":"if","locations":[{"start":{"line":12,"column":2},"end":{"line":12,"column":67}},{"start":{},"end":{}}],"line":12},"1":{"loc":{"start":{"line":34,"column":4},"end":{"line":37,"column":5}},"type":"if","locations":[{"start":{"line":34,"column":4},"end":{"line":37,"column":5}},{"start":{},"end":{}}],"line":34},"2":{"loc":{"start":{"line":38,"column":4},"end":{"line":41,"column":5}},"type":"if","locations":[{"start":{"line":38,"column":4},"end":{"line":41,"column":5}},{"start":{},"end":{}}],"line":38},"3":{"loc":{"start":{"line":42,"column":4},"end":{"line":44,"column":5}},"type":"if","locations":[{"start":{"line":42,"column":4},"end":{"line":44,"column":5}},{"start":{},"end":{}}],"line":42},"4":{"loc":{"start":{"line":56,"column":2},"end":{"line":58,"column":3}},"type":"if","locations":[{"start":{"line":56,"column":2},"end":{"line":58,"column":3}},{"start":{},"end":{}}],"line":56},"5":{"loc":{"start":{"line":56,"column":6},"end":{"line":56,"column":33}},"type":"binary-expr","locations":[{"start":{"line":56,"column":6},"end":{"line":56,"column":9}},{"start":{"line":56,"column":13},"end":{"line":56,"column":33}}],"line":56},"6":{"loc":{"start":{"line":61,"column":4},"end":{"line":61,"column":63}},"type":"if","locations":[{"start":{"line":61,"column":4},"end":{"line":61,"column":63}},{"start":{},"end":{}}],"line":61},"7":{"loc":{"start":{"line":73,"column":2},"end":{"line":75,"column":3}},"type":"if","locations":[{"start":{"line":73,"column":2},"end":{"line":75,"column":3}},{"start":{},"end":{}}],"line":73},"8":{"loc":{"start":{"line":73,"column":6},"end":{"line":73,"column":33}},"type":"binary-expr","locations":[{"start":{"line":73,"column":6},"end":{"line":73,"column":9}},{"start":{"line":73,"column":13},"end":{"line":73,"column":33}}],"line":73},"9":{"loc":{"start":{"line":78,"column":2},"end":{"line":78,"column":67}},"type":"if","locations":[{"start":{"line":78,"column":2},"end":{"line":78,"column":67}},{"start":{},"end":{}}],"line":78},"10":{"loc":{"start":{"line":90,"column":4},"end":{"line":90,"column":63}},"type":"if","locations":[{"start":{"line":90,"column":4},"end":{"line":90,"column":63}},{"start":{},"end":{}}],"line":90},"11":{"loc":{"start":{"line":102,"column":2},"end":{"line":104,"column":3}},"type":"if","locations":[{"start":{"line":102,"column":2},"end":{"line":104,"column":3}},{"start":{},"end":{}}],"line":102},"12":{"loc":{"start":{"line":102,"column":6},"end":{"line":102,"column":33}},"type":"binary-expr","locations":[{"start":{"line":102,"column":6},"end":{"line":102,"column":9}},{"start":{"line":102,"column":13},"end":{"line":102,"column":33}}],"line":102},"13":{"loc":{"start":{"line":108,"column":4},"end":{"line":108,"column":63}},"type":"if","locations":[{"start":{"line":108,"column":4},"end":{"line":108,"column":63}},{"start":{},"end":{}}],"line":108}},"s":{"0":13,"1":1,"2":3,"3":3,"4":1,"5":2,"6":2,"7":2,"8":1,"9":1,"10":1,"11":5,"12":5,"13":2,"14":1,"15":3,"16":1,"17":1,"18":2,"19":1,"20":1,"21":1,"22":1,"23":5,"24":5,"25":2,"26":3,"27":3,"28":2,"29":1,"30":1,"31":1,"32":1,"33":6,"34":6,"35":2,"36":4,"37":4,"38":1,"39":3,"40":3,"41":3,"42":3,"43":2,"44":1,"45":1,"46":1,"47":1,"48":5,"49":5,"50":2,"51":3,"52":3,"53":2,"54":1,"55":1,"56":1},"f":{"0":13,"1":3,"2":5,"3":5,"4":6,"5":3,"6":5},"b":{"0":[1,2],"1":[2,3],"2":[1,2],"3":[1,1],"4":[2,3],"5":[5,4],"6":[1,1],"7":[2,4],"8":[6,5],"9":[1,3],"10":[1,1],"11":[2,3],"12":[5,4],"13":[1,1]},"inputSourceMap":null,"_coverageSchema":"1a1c01bbd47fc00a2c39e90264f33305004495a9","hash":"683f5b63cff1f80229a0f10c5c83fa6c0dfcd7cc"}
,"C:\\varshini\\TruckFleetManagement\\TFM_Backend\\models\\refuelEvent.js": {"path":"C:\\varshini\\TruckFleetManagement\\TFM_Backend\\models\\refuelEvent.js","statementMap":{"0":{"start":{"line":3,"column":26},"end":{"line":29,"column":2}},"1":{"start":{"line":31,"column":20},"end":{"line":31,"column":68}}},"fnMap":{},"branchMap":{},"s":{"0":1,"1":1},"f":{},"b":{},"inputSourceMap":null,"_coverageSchema":"1a1c01bbd47fc00a2c39e90264f33305004495a9","hash":"d5082e72a038547312ef09ae1bd81cbeef4e5362"}
,"C:\\varshini\\TruckFleetManagement\\TFM_Backend\\models\\truck.js": {"path":"C:\\varshini\\TruckFleetManagement\\TFM_Backend\\models\\truck.js","statementMap":{"0":{"start":{"line":3,"column":20},"end":{"line":28,"column":1}},"1":{"start":{"line":29,"column":0},"end":{"line":29,"column":35}},"2":{"start":{"line":31,"column":14},"end":{"line":31,"column":50}}},"fnMap":{},"branchMap":{},"s":{"0":1,"1":1,"2":1},"f":{},"b":{},"inputSourceMap":null,"_coverageSchema":"1a1c01bbd47fc00a2c39e90264f33305004495a9","hash":"32ab6c64c64d5886dd645266015e58dbab0884ec"}
}
