TN:
SF:controllers\driveSessionController.js
FN:15,getMinutesBetween
FN:19,sendViolationNotification
FN:144,(anonymous_2)
FN:191,(anonymous_3)
FN:266,(anonymous_4)
FNF:5
FNH:3
FNDA:8,getMinutesBetween
FNDA:0,sendViolationNotification
FNDA:11,(anonymous_2)
FNDA:0,(anonymous_3)
FNDA:5,(anonymous_4)
DA:1,1
DA:2,1
DA:3,1
DA:4,1
DA:5,1
DA:7,1
DA:8,1
DA:16,8
DA:20,0
DA:144,1
DA:145,11
DA:146,11
DA:147,11
DA:149,11
DA:150,10
DA:151,9
DA:153,8
DA:154,8
DA:157,8
DA:159,8
DA:161,8
DA:162,8
DA:164,8
DA:165,8
DA:167,8
DA:172,0
DA:173,0
DA:176,0
DA:181,0
DA:182,0
DA:185,0
DA:190,0
DA:191,0
DA:195,0
DA:197,0
DA:198,0
DA:200,0
DA:201,0
DA:203,0
DA:207,0
DA:209,0
DA:210,0
DA:213,0
DA:214,0
DA:215,0
DA:216,0
DA:218,0
DA:224,0
DA:232,0
DA:239,0
DA:240,0
DA:247,0
DA:259,9
DA:266,1
DA:267,5
DA:269,5
DA:270,5
DA:272,4
DA:276,1
DA:279,3
DA:280,2
LF:61
LH:33
BRDA:150,0,0,1
BRDA:150,0,1,9
BRDA:151,1,0,1
BRDA:151,1,1,8
BRDA:164,2,0,8
BRDA:164,2,1,1
BRDA:165,3,0,8
BRDA:165,3,1,0
BRDA:172,4,0,0
BRDA:172,4,1,0
BRDA:172,5,0,0
BRDA:172,5,1,0
BRDA:181,6,0,0
BRDA:181,6,1,0
BRDA:181,7,0,0
BRDA:181,7,1,0
BRDA:191,8,0,0
BRDA:191,8,1,0
BRDA:198,9,0,0
BRDA:198,9,1,0
BRDA:201,10,0,0
BRDA:201,10,1,0
BRDA:207,11,0,0
BRDA:207,11,1,0
BRDA:209,12,0,0
BRDA:209,12,1,0
BRDA:239,13,0,0
BRDA:239,13,1,0
BRDA:270,14,0,1
BRDA:270,14,1,4
BRDA:272,15,0,1
BRDA:272,15,1,3
BRDA:273,16,0,4
BRDA:273,16,1,3
BRF:34
BRH:13
end_of_record
TN:
SF:models\driveSession.js
FNF:0
FNH:0
DA:1,1
DA:3,1
DA:32,1
DA:33,1
LF:4
LH:4
BRF:0
BRH:0
end_of_record
TN:
SF:models\notification.js
FNF:0
FNH:0
DA:1,1
DA:3,1
DA:38,1
DA:40,1
DA:41,1
LF:5
LH:5
BRF:0
BRH:0
end_of_record
TN:
SF:models\owner.js
FNF:0
FNH:0
LF:0
LH:0
BRF:0
BRH:0
end_of_record
TN:
SF:models\refuelEvent.js
FNF:0
FNH:0
DA:1,1
DA:2,1
DA:4,1
DA:32,1
DA:33,1
LF:5
LH:5
BRF:0
BRH:0
end_of_record
TN:
SF:models\restLog.js
FNF:0
FNH:0
DA:1,1
DA:3,1
DA:24,1
DA:25,1
LF:4
LH:4
BRF:0
BRH:0
end_of_record
TN:
SF:models\trip.js
FNF:0
FNH:0
DA:1,1
DA:3,1
DA:90,1
DA:92,1
LF:4
LH:4
BRF:0
BRH:0
end_of_record
TN:
SF:models\truck.js
FNF:0
FNH:0
DA:1,1
DA:2,1
DA:4,1
DA:29,1
DA:31,1
DA:33,1
DA:34,1
LF:7
LH:7
BRF:0
BRH:0
end_of_record
TN:
SF:utils\notifyUser.js
FN:5,notifyUser
FN:42,getDefaultTitle
FNF:2
FNH:0
FNDA:0,notifyUser
FNDA:0,getDefaultTitle
DA:1,1
DA:2,1
DA:3,1
DA:6,0
DA:8,0
DA:18,0
DA:19,0
DA:20,0
DA:25,0
DA:26,0
DA:27,0
DA:28,0
DA:32,0
DA:35,0
DA:36,0
DA:37,0
DA:38,0
DA:43,0
DA:49,0
DA:52,1
LF:20
LH:4
BRDA:5,0,0,0
BRDA:6,1,0,0
BRDA:6,2,0,0
BRDA:6,3,0,0
BRDA:10,4,0,0
BRDA:10,4,1,0
BRDA:18,5,0,0
BRDA:18,5,1,0
BRDA:25,6,0,0
BRDA:25,6,1,0
BRDA:27,7,0,0
BRDA:27,7,1,0
BRDA:36,8,0,0
BRDA:36,8,1,0
BRDA:49,9,0,0
BRDA:49,9,1,0
BRF:16
BRH:0
end_of_record
TN:
SF:utils\socketUtils.js
FN:8,initSocket
FN:20,(anonymous_1)
FN:23,(anonymous_2)
FN:28,(anonymous_3)
FN:36,getIO
FN:43,emitNotification
FNF:6
FNH:0
FNDA:0,initSocket
FNDA:0,(anonymous_1)
FNDA:0,(anonymous_2)
FNDA:0,(anonymous_3)
FNDA:0,getIO
FNDA:0,emitNotification
DA:2,1
DA:3,1
DA:4,1
DA:9,0
DA:11,0
DA:20,0
DA:21,0
DA:23,0
DA:24,0
DA:25,0
DA:28,0
DA:29,0
DA:33,0
DA:37,0
DA:38,0
DA:40,0
DA:44,0
DA:45,0
DA:46,0
DA:49,1
LF:20
LH:4
BRDA:37,0,0,0
BRDA:37,0,1,0
BRF:2
BRH:0
end_of_record
