TN:
SF:common\validate.js
FNF:0
FNH:0
DA:1,1
DA:3,1
DA:13,1
LF:3
LH:3
BRF:0
BRH:0
end_of_record
TN:
SF:common\validateObjectId.js
FN:5,(anonymous_0)
FNF:1
FNH:0
FNDA:0,(anonymous_0)
DA:1,4
DA:2,4
DA:5,4
DA:6,0
DA:7,0
DA:9,0
DA:12,4
LF:7
LH:4
BRDA:6,0,0,0
BRDA:6,0,1,0
BRF:2
BRH:0
end_of_record
TN:
SF:controllers\authController.js
FN:9,(anonymous_0)
FN:41,(anonymous_1)
FN:54,(anonymous_2)
FN:60,(anonymous_3)
FN:124,(anonymous_4)
FNF:5
FNH:5
FNDA:5,(anonymous_0)
FNDA:3,(anonymous_1)
FNDA:2,(anonymous_2)
FNDA:6,(anonymous_3)
FNDA:4,(anonymous_4)
DA:1,1
DA:2,1
DA:3,1
DA:4,1
DA:5,1
DA:6,1
DA:7,1
DA:9,1
DA:10,5
DA:11,5
DA:13,4
DA:14,4
DA:15,1
DA:17,3
DA:18,2
DA:19,2
DA:20,1
DA:26,2
DA:30,2
DA:31,2
DA:33,2
DA:34,2
DA:36,2
DA:38,2
DA:41,1
DA:42,3
DA:44,3
DA:45,3
DA:47,2
DA:48,2
DA:50,1
DA:51,1
DA:54,1
DA:55,2
DA:56,2
DA:57,1
DA:60,1
DA:61,6
DA:70,6
DA:72,6
DA:73,1
DA:76,5
DA:77,4
DA:78,1
DA:84,3
DA:85,1
DA:91,2
DA:92,2
DA:93,1
DA:96,1
DA:107,1
DA:110,1
DA:111,1
DA:113,1
DA:114,1
DA:119,1
DA:120,1
DA:124,1
DA:125,4
DA:127,4
DA:128,2
DA:132,1
DA:136,2
DA:137,1
DA:138,1
DA:142,1
DA:144,1
DA:145,1
LF:68
LH:68
BRDA:11,0,0,1
BRDA:11,0,1,4
BRDA:14,1,0,1
BRDA:14,1,1,3
BRDA:17,2,0,2
BRDA:17,2,1,1
BRDA:19,3,0,1
BRDA:19,3,1,1
BRDA:45,4,0,1
BRDA:45,4,1,2
BRDA:48,5,0,1
BRDA:48,5,1,1
BRDA:56,6,0,1
BRDA:56,6,1,1
BRDA:72,7,0,1
BRDA:72,7,1,5
BRDA:77,8,0,1
BRDA:77,8,1,3
BRDA:77,9,0,4
BRDA:77,9,1,3
BRDA:84,10,0,1
BRDA:84,10,1,2
BRDA:92,11,0,1
BRDA:92,11,1,1
BRDA:127,12,0,2
BRDA:127,12,1,2
BRDA:136,13,0,1
BRDA:136,13,1,1
BRF:28
BRH:28
end_of_record
TN:
SF:controllers\dashboardController.js
FN:7,(anonymous_0)
FN:44,(anonymous_1)
FN:58,(anonymous_2)
FN:59,(anonymous_3)
FN:64,(anonymous_4)
FN:74,(anonymous_5)
FN:75,(anonymous_6)
FN:80,(anonymous_7)
FN:82,(anonymous_8)
FNF:9
FNH:9
FNDA:3,(anonymous_0)
FNDA:3,(anonymous_1)
FNDA:2,(anonymous_2)
FNDA:1,(anonymous_3)
FNDA:3,(anonymous_4)
FNDA:2,(anonymous_5)
FNDA:4,(anonymous_6)
FNDA:2,(anonymous_7)
FNDA:1,(anonymous_8)
DA:1,1
DA:2,1
DA:3,1
DA:4,1
DA:7,1
DA:8,3
DA:9,3
DA:10,3
DA:11,3
DA:14,3
DA:15,2
DA:16,2
DA:17,2
DA:18,1
DA:19,1
DA:20,1
DA:21,1
DA:24,3
DA:25,2
DA:26,2
DA:28,2
DA:30,2
DA:32,2
DA:39,1
DA:44,1
DA:45,3
DA:47,3
DA:48,2
DA:49,1
DA:50,1
DA:53,3
DA:58,2
DA:59,1
DA:64,1
DA:65,3
DA:66,3
DA:67,2
DA:68,1
DA:69,1
DA:72,3
DA:75,4
DA:77,2
DA:80,2
DA:82,1
LF:44
LH:44
BRDA:14,0,0,2
BRDA:14,0,1,1
BRDA:18,1,0,1
BRDA:18,1,1,0
BRDA:47,2,0,2
BRDA:47,2,1,1
BRDA:49,3,0,1
BRDA:49,3,1,0
BRDA:66,4,0,2
BRDA:66,4,1,1
BRDA:68,5,0,1
BRDA:68,5,1,0
BRF:12
BRH:9
end_of_record
TN:
SF:controllers\driveSessionController.js
FN:15,getMinutesBetween
FN:19,sendViolationNotification
FN:144,(anonymous_2)
FN:191,(anonymous_3)
FN:266,(anonymous_4)
FNF:5
FNH:3
FNDA:1,getMinutesBetween
FNDA:0,sendViolationNotification
FNDA:3,(anonymous_2)
FNDA:0,(anonymous_3)
FNDA:4,(anonymous_4)
DA:1,1
DA:2,1
DA:3,1
DA:4,1
DA:5,1
DA:7,1
DA:8,1
DA:16,1
DA:20,0
DA:144,1
DA:145,3
DA:146,3
DA:147,3
DA:149,3
DA:150,3
DA:151,2
DA:153,1
DA:154,1
DA:157,1
DA:159,1
DA:161,1
DA:162,1
DA:164,1
DA:165,1
DA:167,1
DA:172,0
DA:173,0
DA:176,0
DA:181,0
DA:182,0
DA:185,0
DA:190,0
DA:191,0
DA:195,0
DA:197,0
DA:198,0
DA:200,0
DA:201,0
DA:203,0
DA:207,0
DA:209,0
DA:210,0
DA:213,0
DA:214,0
DA:215,0
DA:216,0
DA:218,0
DA:224,0
DA:232,0
DA:239,0
DA:240,0
DA:247,0
DA:259,1
DA:266,1
DA:267,4
DA:269,4
DA:270,4
DA:272,3
DA:276,1
DA:279,2
DA:280,2
LF:61
LH:33
BRDA:150,0,0,1
BRDA:150,0,1,2
BRDA:151,1,0,1
BRDA:151,1,1,1
BRDA:164,2,0,1
BRDA:164,2,1,0
BRDA:165,3,0,1
BRDA:165,3,1,0
BRDA:172,4,0,0
BRDA:172,4,1,0
BRDA:172,5,0,0
BRDA:172,5,1,0
BRDA:181,6,0,0
BRDA:181,6,1,0
BRDA:181,7,0,0
BRDA:181,7,1,0
BRDA:191,8,0,0
BRDA:191,8,1,0
BRDA:198,9,0,0
BRDA:198,9,1,0
BRDA:201,10,0,0
BRDA:201,10,1,0
BRDA:207,11,0,0
BRDA:207,11,1,0
BRDA:209,12,0,0
BRDA:209,12,1,0
BRDA:239,13,0,0
BRDA:239,13,1,0
BRDA:270,14,0,1
BRDA:270,14,1,3
BRDA:272,15,0,1
BRDA:272,15,1,2
BRDA:273,16,0,3
BRDA:273,16,1,2
BRF:34
BRH:12
end_of_record
TN:
SF:controllers\inviteController.js
FN:5,(anonymous_0)
FN:42,(anonymous_1)
FNF:2
FNH:2
FNDA:3,(anonymous_0)
FNDA:5,(anonymous_1)
DA:1,1
DA:2,1
DA:3,1
DA:5,1
DA:6,3
DA:7,3
DA:9,3
DA:12,2
DA:13,2
DA:16,2
DA:23,2
DA:26,1
DA:27,1
DA:28,1
DA:30,1
DA:32,1
DA:34,1
DA:35,1
DA:42,1
DA:43,5
DA:44,5
DA:45,5
DA:47,4
DA:48,3
DA:49,2
DA:52,1
DA:54,1
LF:27
LH:27
BRDA:9,0,0,1
BRDA:9,0,1,2
BRDA:45,1,0,1
BRDA:45,1,1,4
BRDA:48,2,0,2
BRDA:48,2,1,1
BRDA:48,3,0,3
BRDA:48,3,1,2
BRF:8
BRH:8
end_of_record
TN:
SF:controllers\notificationController.js
FN:4,(anonymous_0)
FN:19,(anonymous_1)
FN:42,(anonymous_2)
FN:60,(anonymous_3)
FNF:4
FNH:4
FNDA:2,(anonymous_0)
FNDA:3,(anonymous_1)
FNDA:2,(anonymous_2)
FNDA:3,(anonymous_3)
DA:1,1
DA:4,1
DA:5,2
DA:6,2
DA:11,1
DA:13,1
DA:14,1
DA:19,1
DA:20,3
DA:21,3
DA:30,2
DA:31,1
DA:34,1
DA:36,1
DA:37,1
DA:42,1
DA:43,2
DA:44,2
DA:52,1
DA:54,1
DA:55,1
DA:60,1
DA:61,3
DA:62,3
DA:67,2
DA:68,1
DA:71,1
DA:73,1
DA:74,1
LF:29
LH:29
BRDA:30,0,0,1
BRDA:30,0,1,1
BRDA:67,1,0,1
BRDA:67,1,1,1
BRF:4
BRH:4
end_of_record
TN:
SF:controllers\refuelEventController.js
FN:6,(anonymous_0)
FN:51,(anonymous_1)
FNF:2
FNH:2
FNDA:4,(anonymous_0)
FNDA:3,(anonymous_1)
DA:1,1
DA:2,1
DA:3,1
DA:4,1
DA:6,1
DA:7,4
DA:8,4
DA:11,3
DA:13,3
DA:15,3
DA:16,3
DA:19,2
DA:23,1
DA:26,1
DA:35,1
DA:38,1
DA:41,1
DA:42,1
DA:48,1
DA:51,1
DA:52,3
DA:54,3
DA:55,3
DA:57,2
DA:61,1
DA:64,1
DA:65,1
LF:27
LH:27
BRDA:8,0,0,1
BRDA:8,0,1,3
BRDA:16,1,0,1
BRDA:16,1,1,2
BRDA:19,2,0,1
BRDA:19,2,1,1
BRDA:20,3,0,2
BRDA:20,3,1,2
BRDA:41,4,0,1
BRDA:41,4,1,0
BRDA:55,5,0,1
BRDA:55,5,1,2
BRDA:57,6,0,1
BRDA:57,6,1,1
BRDA:58,7,0,2
BRDA:58,7,1,2
BRF:16
BRH:15
end_of_record
TN:
SF:controllers\restLogController.js
FN:7,(anonymous_0)
FN:50,(anonymous_1)
FNF:2
FNH:2
FNDA:3,(anonymous_0)
FNDA:2,(anonymous_1)
DA:1,1
DA:2,1
DA:3,1
DA:4,1
DA:5,1
DA:7,1
DA:8,3
DA:9,3
DA:10,2
DA:11,2
DA:12,1
DA:14,1
DA:15,1
DA:16,1
DA:18,1
DA:21,1
DA:27,1
DA:29,1
DA:30,1
DA:31,1
DA:37,1
DA:44,1
DA:50,1
DA:51,2
DA:52,2
DA:53,1
DA:55,1
LF:27
LH:27
BRDA:11,0,0,1
BRDA:11,0,1,1
BRDA:15,1,0,1
BRDA:15,1,1,0
BRDA:30,2,0,1
BRDA:30,2,1,0
BRF:6
BRH:4
end_of_record
TN:
SF:controllers\tripController.js
FN:9,(anonymous_0)
FN:46,(anonymous_1)
FN:70,(anonymous_2)
FN:80,(anonymous_3)
FN:92,(anonymous_4)
FN:124,(anonymous_5)
FN:192,(anonymous_6)
FN:219,(anonymous_7)
FN:235,(anonymous_8)
FN:246,(anonymous_9)
FN:259,(anonymous_10)
FN:286,(anonymous_11)
FNF:12
FNH:12
FNDA:3,(anonymous_0)
FNDA:2,(anonymous_1)
FNDA:2,(anonymous_2)
FNDA:2,(anonymous_3)
FNDA:3,(anonymous_4)
FNDA:5,(anonymous_5)
FNDA:5,(anonymous_6)
FNDA:7,(anonymous_7)
FNDA:2,(anonymous_8)
FNDA:3,(anonymous_9)
FNDA:4,(anonymous_10)
FNDA:3,(anonymous_11)
DA:1,1
DA:2,1
DA:3,1
DA:4,1
DA:5,1
DA:6,1
DA:9,1
DA:10,3
DA:11,3
DA:13,2
DA:14,1
DA:16,1
DA:30,1
DA:32,1
DA:38,1
DA:42,1
DA:46,1
DA:47,2
DA:48,1
DA:51,1
DA:53,1
DA:57,1
DA:58,0
DA:60,1
DA:63,1
DA:66,1
DA:70,1
DA:71,2
DA:77,2
DA:78,1
DA:79,1
DA:80,2
DA:83,1
DA:85,1
DA:92,1
DA:93,3
DA:94,3
DA:96,2
DA:97,1
DA:101,1
DA:102,1
DA:103,1
DA:104,1
DA:106,1
DA:110,1
DA:112,1
DA:116,1
DA:121,1
DA:124,1
DA:125,5
DA:126,5
DA:127,5
DA:128,1
DA:133,4
DA:134,3
DA:135,1
DA:137,2
DA:138,1
DA:141,1
DA:144,1
DA:148,1
DA:149,1
DA:150,1
DA:151,1
DA:155,1
DA:159,1
DA:160,1
DA:161,1
DA:162,1
DA:166,1
DA:167,1
DA:168,1
DA:169,1
DA:172,1
DA:175,1
DA:180,1
DA:187,1
DA:192,1
DA:193,5
DA:194,5
DA:195,4
DA:197,3
DA:198,1
DA:204,2
DA:205,1
DA:209,1
DA:219,1
DA:220,7
DA:221,3
DA:225,1
DA:227,1
DA:229,1
DA:235,1
DA:236,2
DA:237,2
DA:239,1
DA:240,1
DA:242,1
DA:246,1
DA:247,3
DA:248,3
DA:250,2
DA:252,1
DA:253,1
DA:255,1
DA:259,1
DA:260,4
DA:261,4
DA:263,3
DA:264,1
DA:267,2
DA:268,1
DA:271,1
DA:272,1
DA:275,1
DA:277,1
DA:282,1
DA:286,1
DA:287,3
DA:288,1
DA:291,2
DA:292,2
DA:299,1
DA:301,1
LF:124
LH:123
BRDA:11,0,0,1
BRDA:11,0,1,2
BRDA:13,1,0,1
BRDA:13,1,1,1
BRDA:47,2,0,1
BRDA:47,2,1,1
BRDA:54,3,0,1
BRDA:54,3,1,1
BRDA:57,4,0,0
BRDA:57,4,1,1
BRDA:77,5,0,1
BRDA:77,5,1,1
BRDA:80,6,0,2
BRDA:80,6,1,0
BRDA:94,7,0,1
BRDA:94,7,1,2
BRDA:96,8,0,1
BRDA:96,8,1,1
BRDA:127,9,0,1
BRDA:127,9,1,4
BRDA:127,10,0,5
BRDA:127,10,1,4
BRDA:134,11,0,1
BRDA:134,11,1,2
BRDA:137,12,0,1
BRDA:137,12,1,1
BRDA:148,13,0,1
BRDA:148,13,1,0
BRDA:159,14,0,1
BRDA:159,14,1,0
BRDA:183,15,0,1
BRDA:183,15,1,0
BRDA:184,16,0,1
BRDA:184,16,1,0
BRDA:195,17,0,1
BRDA:195,17,1,3
BRDA:197,18,0,1
BRDA:197,18,1,2
BRDA:204,19,0,1
BRDA:204,19,1,1
BRDA:220,20,0,3
BRDA:220,20,1,4
BRDA:237,21,0,1
BRDA:237,21,1,1
BRDA:248,22,0,1
BRDA:248,22,1,2
BRDA:250,23,0,1
BRDA:250,23,1,1
BRDA:261,24,0,1
BRDA:261,24,1,3
BRDA:263,25,0,1
BRDA:263,25,1,2
BRDA:267,26,0,1
BRDA:267,26,1,1
BRDA:287,27,0,1
BRDA:287,27,1,2
BRF:56
BRH:50
end_of_record
TN:
SF:controllers\truckController.js
FN:5,(anonymous_0)
FN:21,(anonymous_1)
FN:39,(anonymous_2)
FN:47,(anonymous_3)
FN:51,(anonymous_4)
FN:65,(anonymous_5)
FNF:6
FNH:6
FNDA:2,(anonymous_0)
FNDA:4,(anonymous_1)
FNDA:2,(anonymous_2)
FNDA:3,(anonymous_3)
FNDA:2,(anonymous_4)
FNDA:2,(anonymous_5)
DA:1,1
DA:2,1
DA:5,1
DA:6,2
DA:7,2
DA:9,1
DA:16,1
DA:17,1
DA:21,1
DA:23,4
DA:24,1
DA:25,1
DA:27,3
DA:28,1
DA:29,1
DA:31,2
DA:33,1
DA:35,1
DA:39,1
DA:40,2
DA:41,2
DA:42,1
DA:43,1
DA:47,1
DA:48,3
DA:49,3
DA:51,2
DA:57,2
DA:60,2
DA:61,1
DA:65,1
DA:66,2
DA:67,2
DA:68,1
LF:34
LH:34
BRDA:7,0,0,1
BRDA:7,0,1,1
BRDA:23,1,0,1
BRDA:23,1,1,3
BRDA:27,2,0,1
BRDA:27,2,1,2
BRDA:31,3,0,1
BRDA:31,3,1,1
BRDA:41,4,0,1
BRDA:41,4,1,1
BRDA:49,5,0,1
BRDA:49,5,1,2
BRDA:60,6,0,1
BRDA:60,6,1,1
BRDA:67,7,0,1
BRDA:67,7,1,1
BRF:16
BRH:16
end_of_record
TN:
SF:models\driveSession.js
FNF:0
FNH:0
DA:1,4
DA:3,4
DA:32,4
DA:33,4
LF:4
LH:4
BRF:0
BRH:0
end_of_record
TN:
SF:models\inviteToken.js
FN:23,(anonymous_0)
FNF:1
FNH:0
FNDA:0,(anonymous_0)
DA:1,2
DA:3,2
DA:23,0
DA:34,2
DA:36,2
LF:5
LH:4
BRF:0
BRH:0
end_of_record
TN:
SF:models\notification.js
FNF:0
FNH:0
DA:1,6
DA:3,6
DA:38,6
DA:40,6
DA:41,6
LF:5
LH:5
BRF:0
BRH:0
end_of_record
TN:
SF:models\owner.js
FNF:0
FNH:0
LF:0
LH:0
BRF:0
BRH:0
end_of_record
TN:
SF:models\refuelEvent.js
FNF:0
FNH:0
DA:1,2
DA:2,2
DA:4,2
DA:32,2
DA:33,2
LF:5
LH:5
BRF:0
BRH:0
end_of_record
TN:
SF:models\restLog.js
FNF:0
FNH:0
DA:1,3
DA:3,3
DA:24,3
DA:25,3
LF:4
LH:4
BRF:0
BRH:0
end_of_record
TN:
SF:models\trip.js
FNF:0
FNH:0
DA:1,5
DA:3,5
DA:90,5
DA:92,5
LF:4
LH:4
BRF:0
BRH:0
end_of_record
TN:
SF:models\truck.js
FNF:0
FNH:0
DA:1,3
DA:2,3
DA:4,3
DA:29,3
DA:31,3
DA:33,3
DA:34,3
LF:7
LH:7
BRF:0
BRH:0
end_of_record
TN:
SF:models\user.js
FN:33,(anonymous_0)
FN:53,(anonymous_1)
FN:59,(anonymous_2)
FN:66,(anonymous_3)
FN:76,(anonymous_4)
FN:88,(anonymous_5)
FNF:6
FNH:0
FNDA:0,(anonymous_0)
FNDA:0,(anonymous_1)
FNDA:0,(anonymous_2)
FNDA:0,(anonymous_3)
FNDA:0,(anonymous_4)
FNDA:0,(anonymous_5)
DA:1,3
DA:2,3
DA:3,3
DA:4,3
DA:5,3
DA:7,3
DA:34,0
DA:54,0
DA:60,0
DA:67,0
DA:73,3
DA:74,3
DA:76,3
DA:77,0
DA:79,0
DA:80,0
DA:81,0
DA:82,0
DA:84,0
DA:88,3
DA:89,0
DA:93,0
DA:96,3
DA:98,3
DA:99,3
LF:25
LH:13
BRDA:77,0,0,0
BRDA:77,0,1,0
BRF:2
BRH:0
end_of_record
TN:
SF:utils\emailService.js
FN:12,sendEmail
FNF:1
FNH:0
FNDA:0,sendEmail
DA:1,1
DA:2,1
DA:4,1
DA:13,0
DA:20,0
DA:21,0
DA:22,0
DA:24,0
DA:28,1
LF:9
LH:4
BRF:0
BRH:0
end_of_record
TN:
SF:utils\notifyUser.js
FN:5,notifyUser
FN:42,getDefaultTitle
FNF:2
FNH:0
FNDA:0,notifyUser
FNDA:0,getDefaultTitle
DA:1,4
DA:2,4
DA:3,4
DA:6,0
DA:8,0
DA:18,0
DA:19,0
DA:20,0
DA:25,0
DA:26,0
DA:27,0
DA:28,0
DA:32,0
DA:35,0
DA:36,0
DA:37,0
DA:38,0
DA:43,0
DA:49,0
DA:52,4
LF:20
LH:4
BRDA:5,0,0,0
BRDA:6,1,0,0
BRDA:6,2,0,0
BRDA:6,3,0,0
BRDA:10,4,0,0
BRDA:10,4,1,0
BRDA:18,5,0,0
BRDA:18,5,1,0
BRDA:25,6,0,0
BRDA:25,6,1,0
BRDA:27,7,0,0
BRDA:27,7,1,0
BRDA:36,8,0,0
BRDA:36,8,1,0
BRDA:49,9,0,0
BRDA:49,9,1,0
BRF:16
BRH:0
end_of_record
TN:
SF:utils\socketUtils.js
FN:8,initSocket
FN:20,(anonymous_1)
FN:23,(anonymous_2)
FN:28,(anonymous_3)
FN:36,getIO
FN:43,emitNotification
FNF:6
FNH:0
FNDA:0,initSocket
FNDA:0,(anonymous_1)
FNDA:0,(anonymous_2)
FNDA:0,(anonymous_3)
FNDA:0,getIO
FNDA:0,emitNotification
DA:2,4
DA:3,4
DA:4,4
DA:9,0
DA:11,0
DA:20,0
DA:21,0
DA:23,0
DA:24,0
DA:25,0
DA:28,0
DA:29,0
DA:33,0
DA:37,0
DA:38,0
DA:40,0
DA:44,0
DA:45,0
DA:46,0
DA:49,4
LF:20
LH:4
BRDA:37,0,0,0
BRDA:37,0,1,0
BRF:2
BRH:0
end_of_record
TN:
SF:validationModels\validateRefuel.js
FN:5,(anonymous_0)
FNF:1
FNH:0
FNDA:0,(anonymous_0)
DA:1,1
DA:2,1
DA:3,1
DA:5,1
DA:6,0
DA:43,0
DA:46,1
LF:7
LH:5
BRF:0
BRH:0
end_of_record
TN:
SF:validationModels\validateRestLog.js
FN:4,validateRestLog
FNF:1
FNH:0
FNDA:0,validateRestLog
DA:1,1
DA:2,1
DA:5,0
DA:31,0
DA:34,1
LF:5
LH:3
BRF:0
BRH:0
end_of_record
TN:
SF:validationModels\validateTrip.js
FN:5,validateTrip
FNF:1
FNH:0
FNDA:0,validateTrip
DA:1,1
DA:2,1
DA:3,1
DA:6,0
DA:107,0
DA:110,1
LF:6
LH:4
BRF:0
BRH:0
end_of_record
TN:
SF:validationModels\validateTruck.js
FN:5,validateTruck
FNF:1
FNH:0
FNDA:0,validateTruck
DA:1,1
DA:2,1
DA:3,1
DA:6,0
DA:26,0
DA:29,1
LF:6
LH:4
BRF:0
BRH:0
end_of_record
TN:
SF:validationModels\validateUser.js
FN:4,validateUser
FNF:1
FNH:0
FNDA:0,validateUser
DA:1,1
DA:2,1
DA:5,0
DA:60,0
DA:63,1
LF:5
LH:3
BRF:0
BRH:0
end_of_record
